2010-02-09 02:37:51 Debug: Notice (8): Undefined variable: pots in [APP\controllers\posts_controller.php, line 95]
2010-02-09 02:38:44 Debug: Notice (8): Undefined variable: posts in [APP\controllers\posts_controller.php, line 95]
2010-02-11 02:10:33 Debug: Notice (8): Undefined variable: controller in [APP\controllers\components\redirect.php, line 19]
2010-02-11 02:10:33 Debug: Notice (8): Undefined property:  RedirectComponent::$setting in [APP\controllers\components\redirect.php, line 21]
2010-02-11 02:11:54 Debug: Notice (8): Undefined variable: controller in [APP\controllers\components\redirect.php, line 19]
2010-02-11 02:11:54 Debug: Notice (8): Undefined index:  succcess in [APP\controllers\components\redirect.php, line 21]
2010-02-11 02:12:17 Debug: Notice (8): Undefined variable: controller in [APP\controllers\components\redirect.php, line 19]
2010-02-11 02:50:37 Debug: Notice (8): Undefined property:  RecordingHelper::$Html in [APP\views\helpers\recording.php, line 15]
2010-02-13 02:11:13 Debug: Notice (8): Undefined property:  TaggableBehavior::$data in [APP\models\behaviors\taggable.php, line 22]
2010-02-13 02:13:12 Debug: Notice (8): Undefined property:  TaggableBehavior::$data in [APP\models\behaviors\taggable.php, line 22]
2010-02-13 02:13:12 Debug: Notice (8): Undefined index:  seperator in [APP\models\behaviors\taggable.php, line 41]
2010-02-13 02:13:12 Debug: Notice (8): Undefined variable: This in [APP\models\behaviors\taggable.php, line 35]
2010-02-13 02:14:30 Debug: Notice (8): Undefined property:  TaggableBehavior::$data in [APP\models\behaviors\taggable.php, line 22]
2010-02-13 02:48:23 Debug: Notice (8): Undefined variable: attr in [APP\views\helpers\taggable.php, line 16]
2010-02-13 03:25:03 Debug: Notice (8): Undefined variable: paginator in [APP\views\posts\admin_index.ctp, line 21]
2010-02-13 03:25:06 Debug: Notice (8): Undefined variable: paginator in [APP\views\posts\admin_index.ctp, line 21]
2010-02-13 03:25:10 Debug: Notice (8): Undefined variable: paginator in [APP\views\posts\admin_index.ctp, line 21]
2010-02-13 03:25:14 Debug: Notice (8): Undefined variable: paginator in [APP\views\posts\admin_index.ctp, line 21]
2010-02-13 03:25:27 Debug: Notice (8): Undefined variable: paginator in [APP\views\posts\admin_index.ctp, line 21]
2010-02-13 03:25:52 Debug: Notice (8): Undefined variable: paginator in [APP\views\posts\admin_index.ctp, line 21]
2010-02-15 22:56:01 Debug: Notice (8): Undefined variable: status in [APP\views\elements\admin\toggle_statuses.ctp, line 8]
2010-02-15 22:56:01 Debug: Notice (8): Undefined variable: status in [APP\views\elements\admin\toggle_statuses.ctp, line 10]
2010-02-15 22:56:01 Debug: Notice (8): Undefined variable: status in [APP\views\elements\admin\toggle_statuses.ctp, line 11]
2010-02-15 22:56:52 Debug: Notice (8): Undefined index:  status in [APP\views\elements\admin\toggle_statuses.ctp, line 10]
2010-02-17 01:29:26 Debug: Notice (8): Undefined index:  Post in [APP\models\behaviors\typeable.php, line 18]
2010-02-17 01:29:58 Debug: Notice (8): Undefined index:  Post in [APP\models\behaviors\typeable.php, line 18]
2010-02-17 01:30:10 Debug: Notice (8): Undefined index:  Post in [APP\models\behaviors\typeable.php, line 18]
2010-02-17 01:31:56 Debug: Notice (8): Undefined index:  Post in [APP\models\behaviors\typeable.php, line 18]
2010-02-17 01:32:22 Debug: Notice (8): Undefined property:  TypeableBehavior::$setting in [APP\models\behaviors\typeable.php, line 18]
2010-02-17 01:32:26 Debug: Notice (8): Undefined property:  TypeableBehavior::$setting in [APP\models\behaviors\typeable.php, line 18]
2010-02-17 01:57:26 Debug: Notice (8): Undefined variable: model in [APP\models\behaviors\attachable.php, line 27]
2010-02-17 01:57:26 Debug: Notice (8): Trying to get property of non-object in [APP\models\behaviors\attachable.php, line 27]
2010-02-17 01:57:26 Debug: Notice (8): Undefined index:   in [APP\models\behaviors\attachable.php, line 27]
2010-02-17 02:36:46 Debug: Notice (8): Undefined property:  AttachableBehavior::$_validThumbTypes in [APP\models\behaviors\attachable.php, line 63]
2010-02-17 13:27:13 Debug: Notice (8): Undefined variable: active in [APP\app_helper.php, line 8]
2010-02-17 13:50:43 Debug: Notice (8): Undefined index:  attachment in [APP\models\behaviors\attachable.php, line 44]
2010-02-17 14:12:37 Debug: Notice (8): Undefined property:  HtmlHelper::$Session in [APP\app_helper.php, line 17]
2010-02-17 14:12:41 Debug: Notice (8): Undefined property:  HtmlHelper::$Session in [APP\app_helper.php, line 17]
2010-02-17 14:12:53 Debug: Notice (8): Undefined variable: ke in [APP\app_helper.php, line 18]
2010-02-17 14:30:12 Debug: Notice (8): Undefined index:  attachment in [APP\models\behaviors\attachable.php, line 44]
2010-02-17 14:38:09 Debug: Notice (8): Undefined variable: controller in [APP\views\elements\admin\post.ctp, line 13]
2010-02-17 14:38:09 Debug: Notice (8): Undefined variable: type in [APP\views\elements\admin\post.ctp, line 13]
2010-02-17 14:38:09 Debug: Notice (8): Undefined index:   in [APP\views\elements\admin\post.ctp, line 13]
2010-02-17 14:38:49 Debug: Notice (8): Undefined variable: controller in [APP\views\elements\admin\post.ctp, line 13]
2010-02-17 14:38:49 Debug: Notice (8): Undefined variable: type in [APP\views\elements\admin\post.ctp, line 13]
2010-02-17 14:38:49 Debug: Notice (8): Undefined index:   in [APP\views\elements\admin\post.ctp, line 13]
2010-02-17 14:39:02 Debug: Notice (8): Undefined variable: controller in [APP\views\elements\admin\post.ctp, line 13]
2010-02-17 14:39:02 Debug: Notice (8): Undefined variable: type in [APP\views\elements\admin\post.ctp, line 13]
2010-02-17 14:39:02 Debug: Notice (8): Undefined index:   in [APP\views\elements\admin\post.ctp, line 13]
2010-02-17 14:41:56 Debug: Notice (8): Undefined variable: controller in [APP\views\elements\admin\post.ctp, line 13]
2010-02-17 14:41:56 Debug: Notice (8): Undefined variable: type in [APP\views\elements\admin\post.ctp, line 13]
2010-02-17 14:41:56 Debug: Notice (8): Undefined index:   in [APP\views\elements\admin\post.ctp, line 13]
2010-02-17 14:42:12 Debug: Notice (8): Undefined variable: controller in [APP\views\elements\admin\post.ctp, line 13]
2010-02-17 14:42:12 Debug: Notice (8): Undefined variable: type in [APP\views\elements\admin\post.ctp, line 13]
2010-02-17 14:42:12 Debug: Notice (8): Undefined index:   in [APP\views\elements\admin\post.ctp, line 13]
2010-02-17 14:42:16 Debug: Notice (8): Undefined variable: controller in [APP\views\elements\admin\post.ctp, line 13]
2010-02-17 14:42:16 Debug: Notice (8): Undefined variable: type in [APP\views\elements\admin\post.ctp, line 13]
2010-02-17 14:42:17 Debug: Notice (8): Undefined index:   in [APP\views\elements\admin\post.ctp, line 13]
2010-02-17 14:49:19 Debug: Notice (8): Undefined variable: controller in [APP\views\elements\admin\post.ctp, line 13]
2010-02-17 14:49:19 Debug: Notice (8): Undefined variable: type in [APP\views\elements\admin\post.ctp, line 13]
2010-02-17 14:49:19 Debug: Notice (8): Undefined index:   in [APP\views\elements\admin\post.ctp, line 13]
2010-02-17 14:49:28 Debug: Notice (8): Undefined variable: controller in [APP\views\elements\admin\post.ctp, line 13]
2010-02-17 14:49:28 Debug: Notice (8): Undefined variable: type in [APP\views\elements\admin\post.ctp, line 13]
2010-02-17 14:49:28 Debug: Notice (8): Undefined index:   in [APP\views\elements\admin\post.ctp, line 13]
2010-02-17 14:50:51 Debug: Notice (8): Undefined variable: controller in [APP\views\elements\admin\post.ctp, line 13]
2010-02-17 14:50:51 Debug: Notice (8): Undefined variable: type in [APP\views\elements\admin\post.ctp, line 13]
2010-02-17 14:50:51 Debug: Notice (8): Undefined index:   in [APP\views\elements\admin\post.ctp, line 13]
2010-02-17 15:05:43 Debug: Notice (8): Undefined variable: controller in [APP\views\elements\admin\post.ctp, line 13]
2010-02-17 15:05:43 Debug: Notice (8): Undefined variable: type in [APP\views\elements\admin\post.ctp, line 13]
2010-02-17 15:05:43 Debug: Notice (8): Undefined index:   in [APP\views\elements\admin\post.ctp, line 13]
2010-02-17 15:40:24 Debug: Notice (8): Undefined variable: controller in [APP\views\elements\admin\post.ctp, line 13]
2010-02-17 15:40:24 Debug: Notice (8): Undefined variable: type in [APP\views\elements\admin\post.ctp, line 13]
2010-02-17 15:40:24 Debug: Notice (8): Undefined index:   in [APP\views\elements\admin\post.ctp, line 13]
2010-02-17 15:42:21 Debug: Notice (8): Undefined variable: controller in [APP\views\elements\admin\post.ctp, line 13]
2010-02-17 15:42:21 Debug: Notice (8): Undefined variable: type in [APP\views\elements\admin\post.ctp, line 13]
2010-02-17 15:42:21 Debug: Notice (8): Undefined index:   in [APP\views\elements\admin\post.ctp, line 13]
2010-02-17 15:42:22 Debug: Notice (8): Undefined variable: controller in [APP\views\elements\admin\post.ctp, line 13]
2010-02-17 15:42:23 Debug: Notice (8): Undefined variable: type in [APP\views\elements\admin\post.ctp, line 13]
2010-02-17 15:42:23 Debug: Notice (8): Undefined index:   in [APP\views\elements\admin\post.ctp, line 13]
2010-02-17 15:42:27 Debug: Notice (8): Undefined variable: controller in [APP\views\elements\admin\post.ctp, line 13]
2010-02-17 15:42:27 Debug: Notice (8): Undefined variable: type in [APP\views\elements\admin\post.ctp, line 13]
2010-02-17 15:42:27 Debug: Notice (8): Undefined index:   in [APP\views\elements\admin\post.ctp, line 13]
2010-02-18 19:31:21 Debug: Notice (8): Undefined variable: controller in [APP\views\elements\admin\post.ctp, line 13]
2010-02-18 19:31:21 Debug: Notice (8): Undefined variable: type in [APP\views\elements\admin\post.ctp, line 13]
2010-02-18 19:31:21 Debug: Notice (8): Undefined index:   in [APP\views\elements\admin\post.ctp, line 13]
2010-02-18 19:33:01 Debug: Notice (8): Undefined variable: controller in [APP\views\elements\admin\post.ctp, line 13]
2010-02-18 19:33:01 Debug: Notice (8): Undefined variable: type in [APP\views\elements\admin\post.ctp, line 13]
2010-02-18 19:33:01 Debug: Notice (8): Undefined index:   in [APP\views\elements\admin\post.ctp, line 13]
2010-02-18 19:34:36 Debug: Notice (8): Undefined variable: controller in [APP\views\elements\admin\post.ctp, line 13]
2010-02-18 19:34:36 Debug: Notice (8): Undefined variable: type in [APP\views\elements\admin\post.ctp, line 13]
2010-02-18 19:34:36 Debug: Notice (8): Undefined index:   in [APP\views\elements\admin\post.ctp, line 13]
2010-02-18 19:42:01 Debug: Notice (8): Undefined variable: controller in [APP\views\elements\admin\post.ctp, line 13]
2010-02-18 19:42:01 Debug: Notice (8): Undefined variable: type in [APP\views\elements\admin\post.ctp, line 13]
2010-02-18 19:42:01 Debug: Notice (8): Undefined index:   in [APP\views\elements\admin\post.ctp, line 13]
2010-02-20 14:39:30 Debug: Notice (8): Undefined variable: pages in [APP\views\pages\admin_index.ctp, line 8]
2010-02-20 14:44:17 Debug: Notice (8): Undefined variable: pages in [APP\views\pages\admin_index.ctp, line 8]
2010-02-20 14:45:06 Debug: Notice (8): Undefined variable: pages in [APP\views\pages\admin_index.ctp, line 8]
2010-02-20 14:47:57 Debug: Notice (8): Undefined variable: pages in [APP\views\pages\admin_index.ctp, line 8]
2010-02-20 14:48:32 Debug: Notice (8): Undefined variable: pages in [APP\views\pages\admin_index.ctp, line 8]
2010-02-20 14:49:30 Debug: Notice (8): Undefined variable: pages in [APP\views\pages\admin_index.ctp, line 8]
2010-02-20 14:50:31 Debug: Notice (8): Undefined variable: pages in [APP\views\pages\admin_index.ctp, line 8]
2010-02-20 14:50:37 Debug: Notice (8): Undefined variable: pages in [APP\views\pages\admin_index.ctp, line 8]
2010-02-20 14:51:42 Debug: Notice (8): Undefined variable: pages in [APP\views\pages\admin_index.ctp, line 8]
2010-02-20 14:53:14 Debug: Notice (8): Undefined variable: pages in [APP\views\pages\admin_index.ctp, line 8]
2010-02-20 14:53:31 Debug: Notice (8): Undefined variable: pages in [APP\views\pages\admin_index.ctp, line 8]
2010-02-20 14:53:31 Debug: Notice (8): Undefined variable: pages in [APP\views\pages\admin_index.ctp, line 8]
2010-02-20 14:53:32 Debug: Notice (8): Undefined variable: pages in [APP\views\pages\admin_index.ctp, line 8]
2010-02-20 14:54:05 Debug: Notice (8): Undefined variable: pages in [APP\views\pages\admin_index.ctp, line 8]
2010-02-20 14:54:06 Debug: Notice (8): Undefined variable: pages in [APP\views\pages\admin_index.ctp, line 8]
2010-02-20 14:55:43 Debug: Notice (8): Undefined variable: controller in [APP\views\elements\admin\post.ctp, line 13]
2010-02-20 14:55:43 Debug: Notice (8): Undefined variable: type in [APP\views\elements\admin\post.ctp, line 13]
2010-02-20 14:55:43 Debug: Notice (8): Undefined index:   in [APP\views\elements\admin\post.ctp, line 13]
2010-02-20 14:56:41 Debug: Notice (8): Undefined variable: controller in [APP\views\elements\admin\post.ctp, line 13]
2010-02-20 14:56:41 Debug: Notice (8): Undefined variable: type in [APP\views\elements\admin\post.ctp, line 13]
2010-02-20 14:56:41 Debug: Notice (8): Undefined index:   in [APP\views\elements\admin\post.ctp, line 13]
2010-02-20 14:56:44 Debug: Notice (8): Undefined variable: controller in [APP\views\elements\admin\post.ctp, line 13]
2010-02-20 14:56:44 Debug: Notice (8): Undefined variable: type in [APP\views\elements\admin\post.ctp, line 13]
2010-02-20 14:56:44 Debug: Notice (8): Undefined index:   in [APP\views\elements\admin\post.ctp, line 13]
2010-02-20 15:02:23 Debug: Notice (8): Undefined variable: pages in [APP\views\pages\admin_index.ctp, line 8]
2010-02-23 18:09:15 Debug: Notice (8): Undefined variable: controller in [APP\views\elements\admin\post.ctp, line 13]
2010-02-23 18:09:15 Debug: Notice (8): Undefined variable: type in [APP\views\elements\admin\post.ctp, line 13]
2010-02-23 18:09:15 Debug: Notice (8): Undefined index:   in [APP\views\elements\admin\post.ctp, line 13]
2010-02-23 18:09:40 Debug: Notice (8): Undefined variable: controller in [APP\views\elements\admin\post.ctp, line 13]
2010-02-23 18:09:40 Debug: Notice (8): Undefined variable: type in [APP\views\elements\admin\post.ctp, line 13]
2010-02-23 18:09:40 Debug: Notice (8): Undefined index:   in [APP\views\elements\admin\post.ctp, line 13]
2010-02-23 18:09:48 Debug: Notice (8): Undefined variable: pages in [APP\views\pages\admin_index.ctp, line 8]
2010-02-23 18:10:32 Debug: Notice (8): Undefined variable: pages in [APP\views\pages\admin_index.ctp, line 8]
2010-02-23 19:33:02 Debug: Notice (8): Undefined variable: pages in [APP\views\pages\admin_index.ctp, line 8]
2010-02-23 19:33:37 Debug: Notice (8): Undefined variable: pages in [APP\views\pages\admin_view.ctp, line 1]
2010-02-23 19:33:37 Debug: Notice (8): Undefined variable: page in [APP\views\pages\admin_view.ctp, line 1]
2010-02-23 19:33:38 Debug: Notice (8): Undefined variable: page in [APP\views\pages\admin_view.ctp, line 2]
2010-02-23 19:33:38 Debug: Notice (8): Undefined variable: page in [APP\views\pages\admin_view.ctp, line 4]
2010-02-23 19:33:38 Debug: Notice (8): Undefined variable: page in [APP\views\pages\admin_view.ctp, line 5]
2010-02-23 19:33:38 Debug: Notice (8): Undefined variable: page in [APP\views\pages\admin_view.ctp, line 6]
2010-02-23 19:33:38 Debug: Notice (8): Undefined variable: page in [APP\views\pages\admin_view.ctp, line 9]
2010-02-23 19:33:38 Debug: Notice (8): Undefined variable: page in [APP\views\pages\admin_view.ctp, line 11]
2010-02-23 19:33:38 Debug: Notice (8): Undefined variable: page in [APP\views\pages\admin_view.ctp, line 13]
2010-02-23 19:37:04 Debug: Notice (8): Undefined variable: pages in [APP\views\pages\admin_view.ctp, line 1]
2010-02-23 19:37:04 Debug: Notice (8): Undefined variable: page in [APP\views\pages\admin_view.ctp, line 1]
2010-02-23 19:37:04 Debug: Notice (8): Undefined variable: page in [APP\views\pages\admin_view.ctp, line 2]
2010-02-23 19:37:04 Debug: Notice (8): Undefined variable: page in [APP\views\pages\admin_view.ctp, line 4]
2010-02-23 19:37:04 Debug: Notice (8): Undefined variable: page in [APP\views\pages\admin_view.ctp, line 5]
2010-02-23 19:37:04 Debug: Notice (8): Undefined variable: page in [APP\views\pages\admin_view.ctp, line 6]
2010-02-23 19:37:04 Debug: Notice (8): Undefined variable: page in [APP\views\pages\admin_view.ctp, line 9]
2010-02-23 19:37:04 Debug: Notice (8): Undefined variable: page in [APP\views\pages\admin_view.ctp, line 11]
2010-02-23 19:37:04 Debug: Notice (8): Undefined variable: page in [APP\views\pages\admin_view.ctp, line 13]
2010-02-23 19:37:50 Debug: Notice (8): Undefined variable: pages in [APP\views\pages\admin_view.ctp, line 1]
2010-02-23 19:37:50 Debug: Notice (8): Undefined variable: page in [APP\views\pages\admin_view.ctp, line 1]
2010-02-23 19:37:50 Debug: Notice (8): Undefined variable: page in [APP\views\pages\admin_view.ctp, line 2]
2010-02-23 19:37:50 Debug: Notice (8): Undefined variable: page in [APP\views\pages\admin_view.ctp, line 4]
2010-02-23 19:37:50 Debug: Notice (8): Undefined variable: page in [APP\views\pages\admin_view.ctp, line 5]
2010-02-23 19:37:50 Debug: Notice (8): Undefined variable: page in [APP\views\pages\admin_view.ctp, line 6]
2010-02-23 19:37:50 Debug: Notice (8): Undefined variable: page in [APP\views\pages\admin_view.ctp, line 9]
2010-02-23 19:37:50 Debug: Notice (8): Undefined variable: page in [APP\views\pages\admin_view.ctp, line 11]
2010-02-23 19:37:50 Debug: Notice (8): Undefined variable: page in [APP\views\pages\admin_view.ctp, line 13]
2010-02-23 19:46:52 Debug: Notice (8): Undefined variable: pages in [APP\views\pages\admin_index.ctp, line 8]
2010-02-23 19:47:53 Debug: Notice (8): Undefined variable: pages in [APP\views\pages\admin_index.ctp, line 8]
2010-02-23 19:48:33 Debug: Notice (8): Undefined variable: pages in [APP\views\pages\admin_index.ctp, line 8]
2010-02-23 19:49:26 Debug: Notice (8): Undefined variable: pages in [APP\views\pages\admin_index.ctp, line 8]
2010-02-23 19:49:29 Debug: Notice (8): Undefined variable: pages in [APP\views\pages\admin_index.ctp, line 8]
2010-02-23 19:51:20 Debug: Notice (8): Undefined variable: pages in [APP\views\pages\admin_index.ctp, line 8]
2010-02-23 19:51:22 Debug: Notice (8): Undefined variable: pages in [APP\views\pages\admin_index.ctp, line 8]
2010-02-23 19:53:27 Debug: Notice (8): Undefined variable: pages in [APP\views\pages\admin_index.ctp, line 8]
2010-02-23 19:53:46 Debug: Notice (8): Undefined variable: pages in [APP\views\pages\admin_index.ctp, line 8]
2010-02-23 19:53:49 Debug: Notice (8): Undefined variable: pages in [APP\views\pages\admin_index.ctp, line 8]
2010-02-23 19:55:41 Debug: Notice (8): Undefined variable: pages in [APP\views\pages\admin_index.ctp, line 8]
2010-02-24 03:51:29 Debug: Notice (8): Undefined variable: pages in [APP\views\pages\admin_index.ctp, line 8]
2010-02-24 04:30:42 Debug: Notice (8): Undefined variable: pages in [APP\views\pages\admin_index.ctp, line 8]
2010-02-24 04:31:15 Debug: Notice (8): Undefined variable: pages in [APP\views\pages\admin_index.ctp, line 8]
2010-02-24 04:33:07 Debug: Notice (8): Undefined variable: pages in [APP\views\pages\admin_view.ctp, line 1]
2010-02-24 04:33:07 Debug: Notice (8): Undefined variable: page in [APP\views\pages\admin_view.ctp, line 1]
2010-02-24 04:33:07 Debug: Notice (8): Undefined variable: page in [APP\views\pages\admin_view.ctp, line 2]
2010-02-24 04:33:07 Debug: Notice (8): Undefined variable: page in [APP\views\pages\admin_view.ctp, line 4]
2010-02-24 04:33:07 Debug: Notice (8): Undefined variable: page in [APP\views\pages\admin_view.ctp, line 5]
2010-02-24 04:33:07 Debug: Notice (8): Undefined variable: page in [APP\views\pages\admin_view.ctp, line 6]
2010-02-24 04:33:07 Debug: Notice (8): Undefined variable: page in [APP\views\pages\admin_view.ctp, line 9]
2010-02-24 04:33:07 Debug: Notice (8): Undefined variable: page in [APP\views\pages\admin_view.ctp, line 11]
2010-02-24 04:33:07 Debug: Notice (8): Undefined variable: page in [APP\views\pages\admin_view.ctp, line 13]
2010-02-24 04:33:34 Debug: Notice (8): Undefined variable: pages in [APP\views\pages\admin_index.ctp, line 8]
2010-02-24 04:35:10 Debug: Notice (8): Undefined variable: pages in [APP\views\pages\admin_index.ctp, line 8]
2010-02-24 04:35:42 Debug: Notice (8): Undefined variable: pages in [APP\views\pages\admin_index.ctp, line 8]
2010-02-24 04:41:41 Debug: Notice (8): Undefined variable: pages in [APP\views\pages\admin_index.ctp, line 8]
2010-02-24 04:45:02 Debug: Notice (8): Undefined variable: post in [APP\controllers\pages_controller.php, line 67]
2010-02-24 04:46:36 Debug: Notice (8): Undefined index:  Body in [APP\views\pages\admin_view.ctp, line 9]
2010-02-24 04:46:55 Debug: Notice (8): Undefined variable: controller in [APP\views\elements\admin\post.ctp, line 13]
2010-02-24 04:46:55 Debug: Notice (8): Undefined variable: type in [APP\views\elements\admin\post.ctp, line 13]
2010-02-24 04:46:55 Debug: Notice (8): Undefined index:   in [APP\views\elements\admin\post.ctp, line 13]
2010-02-24 04:47:00 Debug: Notice (8): Undefined variable: controller in [APP\views\elements\admin\page.ctp, line 11]
2010-02-24 04:47:00 Debug: Notice (8): Undefined variable: type in [APP\views\elements\admin\page.ctp, line 11]
2010-02-24 04:47:00 Debug: Notice (8): Undefined index:   in [APP\views\elements\admin\page.ctp, line 11]
2010-02-24 04:49:13 Debug: Notice (8): Undefined variable: type in [APP\views\elements\admin\page.ctp, line 11]
2010-02-24 04:49:13 Debug: Notice (8): Undefined index:   in [APP\views\elements\admin\page.ctp, line 11]
2010-02-24 04:52:34 Debug: Notice (8): Undefined variable: type in [APP\views\elements\admin\page.ctp, line 11]
2010-02-24 04:52:34 Debug: Notice (8): Undefined index:   in [APP\views\elements\admin\page.ctp, line 11]
2010-02-24 04:52:36 Debug: Notice (8): Undefined property:  stdClass::$alias in [CORE\cake\libs\controller\controller.php, line 952]
2010-02-24 04:55:08 Debug: Notice (8): Undefined property:  stdClass::$alias in [CORE\cake\libs\controller\controller.php, line 952]
2010-02-24 04:56:29 Debug: Notice (8): Undefined property:  stdClass::$alias in [CORE\cake\libs\controller\controller.php, line 952]
2010-02-24 09:42:12 Debug: Notice (8): Undefined property:  stdClass::$alias in [CORE\cake\libs\controller\controller.php, line 952]
2010-02-24 09:49:47 Debug: Notice (8): Undefined variable: controller in [APP\views\elements\admin\post.ctp, line 13]
2010-02-24 09:49:47 Debug: Notice (8): Undefined variable: type in [APP\views\elements\admin\post.ctp, line 13]
2010-02-24 09:49:47 Debug: Notice (8): Undefined index:   in [APP\views\elements\admin\post.ctp, line 13]
2010-02-24 09:49:52 Debug: Notice (8): Undefined variable: type in [APP\views\elements\admin\page.ctp, line 11]
2010-02-24 09:49:52 Debug: Notice (8): Undefined index:   in [APP\views\elements\admin\page.ctp, line 11]
2010-02-24 09:49:56 Debug: Notice (8): Undefined variable: controller in [APP\views\elements\admin\post.ctp, line 13]
2010-02-24 09:49:56 Debug: Notice (8): Undefined variable: type in [APP\views\elements\admin\post.ctp, line 13]
2010-02-24 09:49:56 Debug: Notice (8): Undefined index:   in [APP\views\elements\admin\post.ctp, line 13]
2010-02-24 09:59:53 Debug: Notice (8): Undefined variable: type in [APP\views\elements\admin\page.ctp, line 11]
2010-02-24 09:59:53 Debug: Notice (8): Undefined index:   in [APP\views\elements\admin\page.ctp, line 11]
2010-02-24 10:03:22 Debug: Notice (8): Undefined variable: type in [APP\views\elements\admin\page.ctp, line 11]
2010-02-24 10:03:22 Debug: Notice (8): Undefined index:   in [APP\views\elements\admin\page.ctp, line 11]
2010-02-24 10:06:02 Debug: Notice (8): Undefined variable: type in [APP\views\elements\admin\page.ctp, line 13]
2010-02-24 10:06:02 Debug: Notice (8): Undefined index:   in [APP\views\elements\admin\page.ctp, line 13]
2010-02-24 10:07:26 Debug: Notice (8): Undefined variable: pageType in [APP\views\elements\admin\page.ctp, line 13]
2010-02-24 10:07:26 Debug: Notice (8): Undefined index:   in [APP\views\elements\admin\page.ctp, line 13]
2010-02-24 10:10:08 Debug: Notice (8): Undefined index:  type in [APP\views\elements\admin\page.ctp, line 13]
2010-02-24 10:10:23 Debug: Notice (8): Undefined property:  stdClass::$alias in [CORE\cake\libs\controller\controller.php, line 952]
2010-02-24 10:27:14 Debug: Notice (8): Undefined property:  stdClass::$alias in [CORE\cake\libs\controller\controller.php, line 952]
2010-02-24 10:32:59 Debug: Notice (8): Undefined variable: type in [APP\views\elements\admin\page.ctp, line 13]
2010-02-24 10:32:59 Debug: Notice (8): Undefined index:   in [APP\views\elements\admin\page.ctp, line 13]
2010-02-24 10:33:01 Debug: Notice (8): Undefined variable: controller in [APP\views\elements\admin\post.ctp, line 13]
2010-02-24 10:33:01 Debug: Notice (8): Undefined variable: type in [APP\views\elements\admin\post.ctp, line 13]
2010-02-24 10:33:01 Debug: Notice (8): Undefined index:   in [APP\views\elements\admin\post.ctp, line 13]
2010-02-24 10:33:03 Debug: Notice (8): Undefined variable: type in [APP\views\elements\admin\page.ctp, line 13]
2010-02-24 10:33:03 Debug: Notice (8): Undefined index:   in [APP\views\elements\admin\page.ctp, line 13]
2010-02-24 10:33:05 Debug: Notice (8): Undefined property:  stdClass::$alias in [CORE\cake\libs\controller\controller.php, line 952]
2010-02-24 10:37:16 Debug: Notice (8): Undefined property:  stdClass::$alias in [CORE\cake\libs\controller\controller.php, line 952]
2010-02-24 10:37:18 Debug: Notice (8): Undefined variable: type in [APP\views\elements\admin\page.ctp, line 13]
2010-02-24 10:37:18 Debug: Notice (8): Undefined index:   in [APP\views\elements\admin\page.ctp, line 13]
2010-02-24 10:37:22 Debug: Notice (8): Undefined property:  stdClass::$alias in [CORE\cake\libs\controller\controller.php, line 952]
2010-02-24 10:39:46 Debug: Notice (8): Undefined property:  SubpagesController::$Page in [APP\controllers\pages_controller.php, line 116]
2010-02-24 10:39:46 Debug: Notice (8): Trying to get property of non-object in [APP\controllers\pages_controller.php, line 116]
2010-02-24 10:41:57 Debug: Notice (8): Undefined property:  SubpagesController::$page in [APP\controllers\pages_controller.php, line 116]
2010-02-24 10:41:57 Debug: Notice (8): Trying to get property of non-object in [APP\controllers\pages_controller.php, line 116]
2010-02-24 10:46:23 Debug: Notice (8): Undefined property:  SubpagesController::$Page in [APP\controllers\pages_controller.php, line 116]
2010-02-24 10:46:23 Debug: Notice (8): Trying to get property of non-object in [APP\controllers\pages_controller.php, line 116]
2010-02-24 10:46:29 Debug: Notice (8): Undefined property:  stdClass::$alias in [CORE\cake\libs\controller\controller.php, line 952]
2010-02-24 10:48:57 Debug: Notice (8): Undefined property:  stdClass::$alias in [CORE\cake\libs\controller\controller.php, line 952]
2010-02-24 10:48:58 Debug: Notice (8): Undefined property:  stdClass::$alias in [CORE\cake\libs\controller\controller.php, line 952]
2010-02-24 10:49:00 Debug: Notice (8): Undefined property:  SubpagesController::$Page in [APP\controllers\pages_controller.php, line 116]
2010-02-24 10:49:00 Debug: Notice (8): Trying to get property of non-object in [APP\controllers\pages_controller.php, line 116]
2010-02-24 10:49:05 Debug: Notice (8): Undefined variable: type in [APP\views\elements\admin\page.ctp, line 13]
2010-02-24 10:49:05 Debug: Notice (8): Undefined index:   in [APP\views\elements\admin\page.ctp, line 13]
2010-02-24 10:55:08 Debug: Notice (8): Undefined variable: post in [APP\views\elements\admin\actions.ctp, line 4]
2010-02-24 10:55:08 Debug: Notice (8): Undefined variable: post in [APP\views\elements\admin\actions.ctp, line 5]
2010-02-24 10:55:08 Debug: Notice (8): Undefined variable: post in [APP\views\elements\admin\actions.ctp, line 6]
2010-02-24 10:58:00 Debug: Notice (8): Undefined property:  SubpagesController::$Page in [APP\controllers\pages_controller.php, line 106]
2010-02-24 11:01:57 Debug: Notice (8): Undefined property:  SubpagesController::$Page in [APP\controllers\pages_controller.php, line 106]
2010-02-24 11:02:03 Debug: Notice (8): Undefined property:  stdClass::$alias in [CORE\cake\libs\controller\controller.php, line 952]
2010-02-24 11:11:21 Debug: Notice (8): Undefined property:  stdClass::$alias in [CORE\cake\libs\controller\controller.php, line 952]
2010-02-24 11:11:45 Debug: Notice (8): Undefined property:  stdClass::$alias in [CORE\cake\libs\controller\controller.php, line 952]
2010-02-24 11:11:50 Debug: Notice (8): Undefined property:  stdClass::$alias in [CORE\cake\libs\controller\controller.php, line 952]
2010-02-24 11:11:56 Debug: Notice (8): Undefined property:  SubpagesController::$Page in [APP\controllers\pages_controller.php, line 116]
2010-02-24 11:11:56 Debug: Notice (8): Trying to get property of non-object in [APP\controllers\pages_controller.php, line 116]
2010-02-24 11:15:00 Debug: Notice (8): Undefined variable: type in [APP\views\elements\admin\page.ctp, line 13]
2010-02-24 11:15:00 Debug: Notice (8): Undefined index:   in [APP\views\elements\admin\page.ctp, line 13]
2010-02-24 11:31:17 Debug: Notice (8): Undefined variable: type in [APP\views\elements\admin\page.ctp, line 13]
2010-02-24 11:31:17 Debug: Notice (8): Undefined index:   in [APP\views\elements\admin\page.ctp, line 13]
2010-02-24 11:37:47 Debug: Notice (8): Undefined index:  Subpage in [APP\views\elements\admin\page.ctp, line 13]
2010-02-24 11:37:47 Debug: Notice (8): Undefined variable: type in [APP\views\elements\admin\page.ctp, line 13]
2010-02-24 11:37:47 Debug: Notice (8): Undefined index:   in [APP\views\elements\admin\page.ctp, line 13]
2010-02-24 11:41:18 Debug: Notice (8): Undefined variable: type in [APP\views\elements\admin\page.ctp, line 13]
2010-02-24 11:41:18 Debug: Notice (8): Undefined index:   in [APP\views\elements\admin\page.ctp, line 13]
2010-02-24 11:43:18 Debug: Notice (8): Undefined variable: type in [APP\views\elements\admin\page.ctp, line 16]
2010-02-24 11:43:18 Debug: Notice (8): Undefined index:   in [APP\views\elements\admin\page.ctp, line 16]
2010-02-24 11:43:54 Debug: Notice (8): Undefined index:  Subpage in [APP\views\elements\admin\page.ctp, line 16]
2010-02-24 11:43:54 Debug: Notice (8): Undefined variable: type in [APP\views\elements\admin\page.ctp, line 16]
2010-02-24 11:43:54 Debug: Notice (8): Undefined index:   in [APP\views\elements\admin\page.ctp, line 16]
2010-02-24 11:44:20 Debug: Notice (8): Undefined index:  type in [APP\views\elements\admin\page.ctp, line 16]
2010-02-24 11:44:20 Debug: Notice (8): Undefined variable: type in [APP\views\elements\admin\page.ctp, line 16]
2010-02-24 11:44:20 Debug: Notice (8): Undefined index:   in [APP\views\elements\admin\page.ctp, line 16]
2010-02-24 11:48:13 Debug: Notice (8): Undefined index:  Subpage in [APP\views\elements\admin\page.ctp, line 17]
2010-02-24 11:48:13 Debug: Notice (8): Undefined variable: type in [APP\views\elements\admin\page.ctp, line 17]
2010-02-24 11:48:13 Debug: Notice (8): Undefined index:   in [APP\views\elements\admin\page.ctp, line 17]
2010-02-24 11:49:08 Debug: Notice (8): Undefined index:  parent_id in [APP\views\elements\admin\page.ctp, line 17]
2010-02-24 11:49:08 Debug: Notice (8): Undefined variable: type in [APP\views\elements\admin\page.ctp, line 17]
2010-02-24 11:49:08 Debug: Notice (8): Undefined index:   in [APP\views\elements\admin\page.ctp, line 17]
2010-02-24 11:51:57 Debug: Notice (8): Undefined index:  Subpage in [APP\views\elements\admin\subpage.ctp, line 4]
2010-02-24 11:51:57 Debug: Notice (8): Undefined index:  Subpage in [APP\views\elements\admin\subpage.ctp, line 8]
2010-02-24 11:51:57 Debug: Notice (8): Undefined index:  Subpage in [APP\views\elements\admin\pages_actions.ctp, line 4]
2010-02-24 11:51:57 Debug: Notice (8): Undefined index:  Subpage in [APP\views\elements\admin\pages_actions.ctp, line 5]
2010-02-24 11:51:57 Debug: Notice (8): Undefined index:  Subpage in [APP\views\elements\admin\pages_actions.ctp, line 6]
2010-02-24 11:53:23 Debug: Notice (8): Undefined index:  Subpage in [APP\views\elements\admin\subpage.ctp, line 4]
2010-02-24 11:53:23 Debug: Notice (8): Undefined index:  Subpage in [APP\views\elements\admin\subpage.ctp, line 8]
2010-02-24 11:53:23 Debug: Notice (8): Undefined index:  Subpage in [APP\views\elements\admin\pages_actions.ctp, line 4]
2010-02-24 11:53:23 Debug: Notice (8): Undefined index:  Subpage in [APP\views\elements\admin\pages_actions.ctp, line 5]
2010-02-24 11:53:23 Debug: Notice (8): Undefined index:  Subpage in [APP\views\elements\admin\pages_actions.ctp, line 6]
2010-02-24 12:09:58 Debug: Notice (8): Undefined index:  Subpage in [APP\views\elements\admin\subpage.ctp, line 4]
2010-02-24 12:09:58 Debug: Notice (8): Undefined index:  Subpage in [APP\views\elements\admin\subpage.ctp, line 8]
2010-02-24 12:09:58 Debug: Notice (8): Undefined index:  Subpage in [APP\views\elements\admin\pages_actions.ctp, line 4]
2010-02-24 12:09:58 Debug: Notice (8): Undefined index:  Subpage in [APP\views\elements\admin\pages_actions.ctp, line 5]
2010-02-24 12:09:58 Debug: Notice (8): Undefined index:  Subpage in [APP\views\elements\admin\pages_actions.ctp, line 6]
2010-02-24 12:11:25 Debug: Notice (8): Undefined index:  Subpage in [APP\views\elements\admin\subpage.ctp, line 4]
2010-02-24 12:11:25 Debug: Notice (8): Undefined index:  Subpage in [APP\views\elements\admin\subpage.ctp, line 8]
2010-02-24 12:11:25 Debug: Notice (8): Undefined index:  Subpage in [APP\views\elements\admin\pages_actions.ctp, line 4]
2010-02-24 12:11:25 Debug: Notice (8): Undefined index:  Subpage in [APP\views\elements\admin\pages_actions.ctp, line 5]
2010-02-24 12:11:25 Debug: Notice (8): Undefined index:  Subpage in [APP\views\elements\admin\pages_actions.ctp, line 6]
2010-02-24 12:12:26 Debug: Notice (8): Undefined variable: controller in [APP\views\elements\admin\post.ctp, line 13]
2010-02-24 12:12:26 Debug: Notice (8): Undefined variable: type in [APP\views\elements\admin\post.ctp, line 13]
2010-02-24 12:12:26 Debug: Notice (8): Undefined index:   in [APP\views\elements\admin\post.ctp, line 13]
2010-02-24 12:12:28 Debug: Notice (8): Undefined index:  Subpage in [APP\views\elements\admin\subpage.ctp, line 4]
2010-02-24 12:12:28 Debug: Notice (8): Undefined index:  Subpage in [APP\views\elements\admin\subpage.ctp, line 8]
2010-02-24 12:12:28 Debug: Notice (8): Undefined index:  Subpage in [APP\views\elements\admin\pages_actions.ctp, line 4]
2010-02-24 12:12:28 Debug: Notice (8): Undefined index:  Subpage in [APP\views\elements\admin\pages_actions.ctp, line 5]
2010-02-24 12:12:28 Debug: Notice (8): Undefined index:  Subpage in [APP\views\elements\admin\pages_actions.ctp, line 6]
2010-02-24 12:12:30 Debug: Notice (8): Undefined variable: controller in [APP\views\elements\admin\post.ctp, line 13]
2010-02-24 12:12:30 Debug: Notice (8): Undefined variable: type in [APP\views\elements\admin\post.ctp, line 13]
2010-02-24 12:12:30 Debug: Notice (8): Undefined index:   in [APP\views\elements\admin\post.ctp, line 13]
2010-02-24 12:22:52 Debug: Notice (8): Undefined index:  Subpage in [APP\views\elements\admin\subpage.ctp, line 4]
2010-02-24 12:22:52 Debug: Notice (8): Undefined index:  Subpage in [APP\views\elements\admin\subpage.ctp, line 8]
2010-02-24 12:22:52 Debug: Notice (8): Undefined index:  Subpage in [APP\views\elements\admin\pages_actions.ctp, line 4]
2010-02-24 12:22:52 Debug: Notice (8): Undefined index:  Subpage in [APP\views\elements\admin\pages_actions.ctp, line 5]
2010-02-24 12:22:52 Debug: Notice (8): Undefined index:  Subpage in [APP\views\elements\admin\pages_actions.ctp, line 6]
2010-02-24 12:33:12 Debug: Notice (8): Undefined index:  Subpage in [APP\views\elements\admin\subpage.ctp, line 4]
2010-02-24 12:33:12 Debug: Notice (8): Undefined index:  Subpage in [APP\views\elements\admin\subpage.ctp, line 8]
2010-02-24 12:33:12 Debug: Notice (8): Undefined index:  Subpage in [APP\views\elements\admin\pages_actions.ctp, line 4]
2010-02-24 12:33:12 Debug: Notice (8): Undefined index:  Subpage in [APP\views\elements\admin\pages_actions.ctp, line 5]
2010-02-24 12:33:12 Debug: Notice (8): Undefined index:  Subpage in [APP\views\elements\admin\pages_actions.ctp, line 6]
2010-02-24 12:33:37 Debug: Notice (8): Undefined index:  Subpage in [APP\views\elements\admin\subpage.ctp, line 4]
2010-02-24 12:33:37 Debug: Notice (8): Undefined index:  Subpage in [APP\views\elements\admin\subpage.ctp, line 8]
2010-02-24 12:33:37 Debug: Notice (8): Undefined index:  Subpage in [APP\views\elements\admin\pages_actions.ctp, line 4]
2010-02-24 12:33:37 Debug: Notice (8): Undefined index:  Subpage in [APP\views\elements\admin\pages_actions.ctp, line 5]
2010-02-24 12:33:37 Debug: Notice (8): Undefined index:  Subpage in [APP\views\elements\admin\pages_actions.ctp, line 6]
2010-02-24 12:38:35 Debug: Notice (8): Undefined index:  Subpage in [APP\views\elements\admin\subpage.ctp, line 4]
2010-02-24 12:38:35 Debug: Notice (8): Undefined index:  Subpage in [APP\views\elements\admin\subpage.ctp, line 8]
2010-02-24 12:38:35 Debug: Notice (8): Undefined index:  Subpage in [APP\views\elements\admin\pages_actions.ctp, line 4]
2010-02-24 12:38:35 Debug: Notice (8): Undefined index:  Subpage in [APP\views\elements\admin\pages_actions.ctp, line 5]
2010-02-24 12:38:35 Debug: Notice (8): Undefined index:  Subpage in [APP\views\elements\admin\pages_actions.ctp, line 6]
2010-02-24 12:41:24 Debug: Notice (8): Undefined index:  Subpage in [APP\views\elements\admin\subpage.ctp, line 4]
2010-02-24 12:41:24 Debug: Notice (8): Undefined index:  Subpage in [APP\views\elements\admin\subpage.ctp, line 8]
2010-02-24 12:41:24 Debug: Notice (8): Undefined index:  Subpage in [APP\views\elements\admin\pages_actions.ctp, line 4]
2010-02-24 12:41:24 Debug: Notice (8): Undefined index:  Subpage in [APP\views\elements\admin\pages_actions.ctp, line 5]
2010-02-24 12:41:24 Debug: Notice (8): Undefined index:  Subpage in [APP\views\elements\admin\pages_actions.ctp, line 6]
2010-02-24 12:44:21 Debug: Notice (8): Undefined variable: page in [APP\views\elements\admin\subpage.ctp, line 4]
2010-02-24 12:44:21 Debug: Notice (8): Undefined variable: page in [APP\views\elements\admin\subpage.ctp, line 8]
2010-02-24 12:44:21 Debug: Notice (8): Undefined variable: page in [APP\views\elements\admin\subpage.ctp, line 9]
2010-02-24 12:46:03 Debug: Notice (8): Undefined variable: page in [APP\views\elements\admin\subpage.ctp, line 4]
2010-02-24 12:46:03 Debug: Notice (8): Undefined variable: page in [APP\views\elements\admin\subpage.ctp, line 8]
2010-02-24 12:46:03 Debug: Notice (8): Undefined variable: page in [APP\views\elements\admin\subpage.ctp, line 9]
2010-02-24 12:47:27 Debug: Notice (8): Undefined variable: page in [APP\views\elements\admin\subpage.ctp, line 4]
2010-02-24 12:47:27 Debug: Notice (8): Undefined variable: page in [APP\views\elements\admin\subpage.ctp, line 8]
2010-02-24 12:47:27 Debug: Notice (8): Undefined variable: page in [APP\views\elements\admin\subpage.ctp, line 9]
2010-02-24 12:47:33 Debug: Notice (8): Undefined variable: page in [APP\views\elements\admin\subpage.ctp, line 4]
2010-02-24 12:47:33 Debug: Notice (8): Undefined variable: page in [APP\views\elements\admin\subpage.ctp, line 8]
2010-02-24 12:47:33 Debug: Notice (8): Undefined variable: page in [APP\views\elements\admin\subpage.ctp, line 9]
2010-02-24 12:47:59 Debug: Notice (8): Undefined index:  Subpage in [APP\views\elements\admin\subpage.ctp, line 4]
2010-02-24 12:47:59 Debug: Notice (8): Undefined index:  Subpage in [APP\views\elements\admin\subpage.ctp, line 8]
2010-02-24 12:47:59 Debug: Notice (8): Undefined index:  Subpage in [APP\views\elements\admin\pages_actions.ctp, line 4]
2010-02-24 12:47:59 Debug: Notice (8): Undefined index:  Subpage in [APP\views\elements\admin\pages_actions.ctp, line 5]
2010-02-24 12:47:59 Debug: Notice (8): Undefined index:  Subpage in [APP\views\elements\admin\pages_actions.ctp, line 6]
2010-02-24 12:48:56 Debug: Notice (8): Undefined index:  Subpage in [APP\views\elements\admin\subpage.ctp, line 4]
2010-02-24 12:48:56 Debug: Notice (8): Undefined index:  Subpage in [APP\views\elements\admin\subpage.ctp, line 8]
2010-02-24 12:48:56 Debug: Notice (8): Undefined index:  Subpage in [APP\views\elements\admin\pages_actions.ctp, line 4]
2010-02-24 12:48:56 Debug: Notice (8): Undefined index:  Subpage in [APP\views\elements\admin\pages_actions.ctp, line 5]
2010-02-24 12:48:56 Debug: Notice (8): Undefined index:  Subpage in [APP\views\elements\admin\pages_actions.ctp, line 6]
2010-02-24 12:49:00 Debug: Notice (8): Undefined index:  Subpage in [APP\views\elements\admin\subpage.ctp, line 4]
2010-02-24 12:49:00 Debug: Notice (8): Undefined index:  Subpage in [APP\views\elements\admin\subpage.ctp, line 8]
2010-02-24 12:49:00 Debug: Notice (8): Undefined index:  Subpage in [APP\views\elements\admin\pages_actions.ctp, line 4]
2010-02-24 12:49:00 Debug: Notice (8): Undefined index:  Subpage in [APP\views\elements\admin\pages_actions.ctp, line 5]
2010-02-24 12:49:00 Debug: Notice (8): Undefined index:  Subpage in [APP\views\elements\admin\pages_actions.ctp, line 6]
2010-02-24 12:49:10 Debug: Notice (8): Undefined variable: page in [APP\views\elements\admin\subpage.ctp, line 4]
2010-02-24 12:49:10 Debug: Notice (8): Undefined variable: page in [APP\views\elements\admin\subpage.ctp, line 8]
2010-02-24 12:49:10 Debug: Notice (8): Undefined variable: page in [APP\views\elements\admin\subpage.ctp, line 9]
2010-02-24 12:49:47 Debug: Notice (8): Undefined index:  Subpage in [APP\views\elements\admin\subpage.ctp, line 4]
2010-02-24 12:49:47 Debug: Notice (8): Undefined index:  Subpage in [APP\views\elements\admin\subpage.ctp, line 8]
2010-02-24 12:49:47 Debug: Notice (8): Undefined index:  Subpage in [APP\views\elements\admin\pages_actions.ctp, line 4]
2010-02-24 12:49:47 Debug: Notice (8): Undefined index:  Subpage in [APP\views\elements\admin\pages_actions.ctp, line 5]
2010-02-24 12:49:47 Debug: Notice (8): Undefined index:  Subpage in [APP\views\elements\admin\pages_actions.ctp, line 6]
2010-02-24 12:52:49 Debug: Notice (8): Undefined index:  Subpage in [APP\views\elements\admin\subpage.ctp, line 4]
2010-02-24 12:52:49 Debug: Notice (8): Undefined index:  Subpage in [APP\views\elements\admin\subpage.ctp, line 8]
2010-02-24 12:52:49 Debug: Notice (8): Undefined index:  Subpage in [APP\views\elements\admin\pages_actions.ctp, line 4]
2010-02-24 12:52:49 Debug: Notice (8): Undefined index:  Subpage in [APP\views\elements\admin\pages_actions.ctp, line 5]
2010-02-24 12:52:49 Debug: Notice (8): Undefined index:  Subpage in [APP\views\elements\admin\pages_actions.ctp, line 6]
2010-02-24 12:53:06 Debug: Notice (8): Undefined index:  Subpage in [APP\views\elements\admin\subpage.ctp, line 4]
2010-02-24 12:53:06 Debug: Notice (8): Undefined index:  Subpage in [APP\views\elements\admin\subpage.ctp, line 8]
2010-02-24 12:53:06 Debug: Notice (8): Undefined index:  Subpage in [APP\views\elements\admin\pages_actions.ctp, line 4]
2010-02-24 12:53:06 Debug: Notice (8): Undefined index:  Subpage in [APP\views\elements\admin\pages_actions.ctp, line 5]
2010-02-24 12:53:06 Debug: Notice (8): Undefined index:  Subpage in [APP\views\elements\admin\pages_actions.ctp, line 6]
2010-02-24 13:05:42 Debug: Notice (8): Undefined index:  Subpage in [APP\views\elements\admin\subpage.ctp, line 4]
2010-02-24 13:05:42 Debug: Notice (8): Undefined index:  Subpage in [APP\views\elements\admin\subpage.ctp, line 8]
2010-02-24 13:05:42 Debug: Notice (8): Undefined index:  Subpage in [APP\views\elements\admin\pages_actions.ctp, line 4]
2010-02-24 13:05:42 Debug: Notice (8): Undefined index:  Subpage in [APP\views\elements\admin\pages_actions.ctp, line 5]
2010-02-24 13:05:42 Debug: Notice (8): Undefined index:  Subpage in [APP\views\elements\admin\pages_actions.ctp, line 6]
2010-02-24 13:06:35 Debug: Notice (8): Undefined variable: page in [APP\views\elements\admin\subpage.ctp, line 4]
2010-02-24 13:06:35 Debug: Notice (8): Undefined variable: page in [APP\views\elements\admin\subpage.ctp, line 8]
2010-02-24 13:06:35 Debug: Notice (8): Undefined variable: page in [APP\views\elements\admin\subpage.ctp, line 9]
2010-02-24 13:07:59 Debug: Notice (8): Undefined variable: page in [APP\views\elements\admin\subpage.ctp, line 4]
2010-02-24 13:07:59 Debug: Notice (8): Undefined variable: page in [APP\views\elements\admin\subpage.ctp, line 8]
2010-02-24 13:07:59 Debug: Notice (8): Undefined variable: page in [APP\views\elements\admin\subpage.ctp, line 9]
2010-02-24 13:08:28 Debug: Notice (8): Undefined variable: page in [APP\views\elements\admin\subpage.ctp, line 4]
2010-02-24 13:08:28 Debug: Notice (8): Undefined variable: page in [APP\views\elements\admin\subpage.ctp, line 8]
2010-02-24 13:08:28 Debug: Notice (8): Undefined variable: page in [APP\views\elements\admin\subpage.ctp, line 9]
2010-02-24 13:11:39 Debug: Notice (8): Undefined index:  Subpage in [APP\views\elements\admin\subpage.ctp, line 4]
2010-02-24 13:11:39 Debug: Notice (8): Undefined index:  Subpage in [APP\views\elements\admin\subpage.ctp, line 8]
2010-02-24 13:11:39 Debug: Notice (8): Undefined index:  Subpage in [APP\views\elements\admin\pages_actions.ctp, line 4]
2010-02-24 13:11:39 Debug: Notice (8): Undefined index:  Subpage in [APP\views\elements\admin\pages_actions.ctp, line 5]
2010-02-24 13:11:39 Debug: Notice (8): Undefined index:  Subpage in [APP\views\elements\admin\pages_actions.ctp, line 6]
2010-02-24 13:12:32 Debug: Notice (8): Undefined index:  Subpage in [APP\views\elements\admin\subpage.ctp, line 4]
2010-02-24 13:12:32 Debug: Notice (8): Undefined index:  Subpage in [APP\views\elements\admin\subpage.ctp, line 8]
2010-02-24 13:12:32 Debug: Notice (8): Undefined index:  Subpage in [APP\views\elements\admin\pages_actions.ctp, line 4]
2010-02-24 13:12:32 Debug: Notice (8): Undefined index:  Subpage in [APP\views\elements\admin\pages_actions.ctp, line 5]
2010-02-24 13:12:32 Debug: Notice (8): Undefined index:  Subpage in [APP\views\elements\admin\pages_actions.ctp, line 6]
2010-02-24 13:12:37 Debug: Notice (8): Undefined index:  Subpage in [APP\views\elements\admin\subpage.ctp, line 4]
2010-02-24 13:12:38 Debug: Notice (8): Undefined index:  Subpage in [APP\views\elements\admin\subpage.ctp, line 8]
2010-02-24 13:12:38 Debug: Notice (8): Undefined index:  Subpage in [APP\views\elements\admin\pages_actions.ctp, line 4]
2010-02-24 13:12:38 Debug: Notice (8): Undefined index:  Subpage in [APP\views\elements\admin\pages_actions.ctp, line 5]
2010-02-24 13:12:38 Debug: Notice (8): Undefined index:  Subpage in [APP\views\elements\admin\pages_actions.ctp, line 6]
2010-02-24 13:14:56 Debug: Notice (8): Undefined index:  Subpage in [APP\views\elements\admin\subpage.ctp, line 4]
2010-02-24 13:14:56 Debug: Notice (8): Undefined index:  Subpage in [APP\views\elements\admin\subpage.ctp, line 8]
2010-02-24 13:14:56 Debug: Notice (8): Undefined index:  Subpage in [APP\views\elements\admin\pages_actions.ctp, line 4]
2010-02-24 13:14:56 Debug: Notice (8): Undefined index:  Subpage in [APP\views\elements\admin\pages_actions.ctp, line 5]
2010-02-24 13:14:56 Debug: Notice (8): Undefined index:  Subpage in [APP\views\elements\admin\pages_actions.ctp, line 6]
2010-02-24 13:36:08 Debug: Notice (8): Undefined variable: controller in [APP\views\elements\admin\post.ctp, line 13]
2010-02-24 13:36:08 Debug: Notice (8): Undefined variable: type in [APP\views\elements\admin\post.ctp, line 13]
2010-02-24 13:36:08 Debug: Notice (8): Undefined index:   in [APP\views\elements\admin\post.ctp, line 13]
2010-02-24 13:47:36 Debug: Notice (8): Undefined variable: controller in [APP\views\elements\admin\post.ctp, line 13]
2010-02-24 23:32:40 Debug: Notice (8): Undefined index:  id in [APP\models\post.php, line 78]
2010-02-24 23:34:28 Debug: Notice (8): Undefined index:  id in [APP\models\post.php, line 78]
