2010-02-10 19:28:37 Warning: Warning (2): mysql_connect() [<a href='http://php.net/function.mysql-connect'>function.mysql-connect</a>]: Can't connect to MySQL server on 'localhost' (10061) in [CORE\cake\libs\model\datasources\dbo\dbo_mysql.php, line 370]
2010-02-10 19:28:37 Warning: Warning (2): mysql_select_db(): supplied argument is not a valid MySQL-Link resource in [CORE\cake\libs\model\datasources\dbo\dbo_mysql.php, line 375]
2010-02-10 19:28:37 Warning: Warning (2): mysql_get_server_info(): supplied argument is not a valid MySQL-Link resource in [CORE\cake\libs\model\datasources\dbo\dbo_mysql.php, line 383]
2010-02-11 02:13:48 Warning: Warning (2): unlink(C:\wamp\www\costumCMS\tmp\cache\\persistent\cake_core_default_en_us) [<a href='http://php.net/function.unlink'>function.unlink</a>]: Permission denied in [CORE\cake\libs\file.php, line 292]
2010-02-11 02:14:30 Warning: Warning (2): fopen(C:\wamp\www\costumCMS\tmp\cache\\models\cake_model_default_costumcms_list) [<a href='http://php.net/function.fopen'>function.fopen</a>]: failed to open stream: Invalid argument in [CORE\cake\libs\file.php, line 156]
2010-02-11 02:14:30 Warning: Warning (2): unlink(C:\wamp\www\costumCMS\tmp\cache\\models\cake_model_default_tags) [<a href='http://php.net/function.unlink'>function.unlink</a>]: Permission denied in [CORE\cake\libs\file.php, line 292]
2010-02-11 03:02:38 Warning: Warning (2): unlink(C:\wamp\www\costumCMS\tmp\cache\\models\cake_model_default_posts_tags) [<a href='http://php.net/function.unlink'>function.unlink</a>]: Permission denied in [CORE\cake\libs\file.php, line 292]
2010-02-11 03:06:43 Warning: Warning (2): unlink(C:\wamp\www\costumCMS\tmp\cache\\persistent\cake_core_dir_map) [<a href='http://php.net/function.unlink'>function.unlink</a>]: Permission denied in [CORE\cake\libs\file.php, line 292]
2010-02-11 17:34:08 Warning: Warning (2): unlink(C:\wamp\www\costumCMS\tmp\cache\\models\cake_model_default_costumcms_list) [<a href='http://php.net/function.unlink'>function.unlink</a>]: Permission denied in [CORE\cake\libs\file.php, line 292]
2010-02-11 17:34:08 Warning: Warning (2): unlink(C:\wamp\www\costumCMS\tmp\cache\\models\cake_model_default_tags) [<a href='http://php.net/function.unlink'>function.unlink</a>]: Permission denied in [CORE\cake\libs\file.php, line 292]
2010-02-11 17:34:19 Warning: Warning (2): unlink(C:\wamp\www\costumCMS\tmp\cache\\models\cake_model_default_posts) [<a href='http://php.net/function.unlink'>function.unlink</a>]: Permission denied in [CORE\cake\libs\file.php, line 292]
2010-02-11 17:59:09 Warning: Warning (2): unlink(C:\wamp\www\costumCMS\tmp\cache\\models\cake_model_default_tags) [<a href='http://php.net/function.unlink'>function.unlink</a>]: Permission denied in [CORE\cake\libs\file.php, line 292]
2010-02-12 02:47:56 Warning: Warning (2): unlink(C:\wamp\www\costumCMS\tmp\cache\\models\cake_model_default_costumcms_list) [<a href='http://php.net/function.unlink'>function.unlink</a>]: Permission denied in [CORE\cake\libs\file.php, line 292]
2010-02-12 05:22:16 Warning: Warning (2): unlink(C:\wamp\www\costumCMS\tmp\cache\\persistent\cake_core_default_en_us) [<a href='http://php.net/function.unlink'>function.unlink</a>]: Permission denied in [CORE\cake\libs\file.php, line 292]
2010-02-13 02:09:36 Warning: Warning (2): unlink(C:\wamp\www\costumCMS\tmp\cache\\persistent\cake_core_dir_map) [<a href='http://php.net/function.unlink'>function.unlink</a>]: Permission denied in [CORE\cake\libs\file.php, line 292]
2010-02-13 02:20:21 Warning: Warning (2): session_regenerate_id() [<a href='http://php.net/function.session-regenerate-id'>function.session-regenerate-id</a>]: Session object destruction failed in [CORE\cake\libs\session.php, line 599]
2010-02-13 02:56:13 Warning: Warning (2): unlink(C:\wamp\www\costumCMS\tmp\cache\\persistent\cake_core_dir_map) [<a href='http://php.net/function.unlink'>function.unlink</a>]: Permission denied in [CORE\cake\libs\file.php, line 292]
2010-02-13 02:56:26 Warning: Warning (2): fopen(C:\wamp\www\costumCMS\tmp\cache\\models\cake_model_default_statuses) [<a href='http://php.net/function.fopen'>function.fopen</a>]: failed to open stream: Invalid argument in [CORE\cake\libs\file.php, line 156]
2010-02-13 03:03:02 Warning: Warning (2): fopen(C:\wamp\www\costumCMS\tmp\cache\\models\cake_model_default_statuses) [<a href='http://php.net/function.fopen'>function.fopen</a>]: failed to open stream: Invalid argument in [CORE\cake\libs\file.php, line 156]
2010-02-13 03:05:47 Warning: Warning (2): unlink(C:\wamp\www\costumCMS\tmp\cache\\persistent\cake_core_dir_map) [<a href='http://php.net/function.unlink'>function.unlink</a>]: Permission denied in [CORE\cake\libs\file.php, line 292]
2010-02-13 03:16:50 Warning: Warning (2): unlink(C:\wamp\www\costumCMS\tmp\cache\\models\cake_model_default_tags) [<a href='http://php.net/function.unlink'>function.unlink</a>]: Permission denied in [CORE\cake\libs\file.php, line 292]
2010-02-13 03:24:10 Warning: Warning (2): unlink(C:\wamp\www\costumCMS\tmp\cache\\models\cake_model_default_statuses) [<a href='http://php.net/function.unlink'>function.unlink</a>]: Permission denied in [CORE\cake\libs\file.php, line 292]
2010-02-13 03:25:03 Warning: Warning (512): Controller::paginate() - can't find model posts in controller PostsController in [CORE\cake\libs\controller\controller.php, line 947]
2010-02-13 03:25:06 Warning: Warning (512): Controller::paginate() - can't find model posts in controller PostsController in [CORE\cake\libs\controller\controller.php, line 947]
2010-02-13 03:25:10 Warning: Warning (512): Controller::paginate() - can't find model posts in controller PostsController in [CORE\cake\libs\controller\controller.php, line 947]
2010-02-13 03:25:14 Warning: Warning (512): Controller::paginate() - can't find model posts in controller PostsController in [CORE\cake\libs\controller\controller.php, line 947]
2010-02-13 03:25:27 Warning: Warning (512): Controller::paginate() - can't find model Posts in controller PostsController in [CORE\cake\libs\controller\controller.php, line 947]
2010-02-13 03:25:52 Warning: Warning (512): Controller::paginate() - can't find model post in controller PostsController in [CORE\cake\libs\controller\controller.php, line 947]
2010-02-13 03:31:55 Warning: Warning (512): <span style = "color:Red;text-align:left"><b>SQL Error:</b> 1064: You have an error in your SQL syntax; check the manual that corresponds to your MySQL server version for the right syntax to use near 'BOOLEAAN MODE)' at line 1</span> in [CORE\cake\libs\model\datasources\dbo_source.php, line 514]
2010-02-13 03:31:55 Warning: Warning (512): <span style = "color:Red;text-align:left"><b>SQL Error:</b> 1064: You have an error in your SQL syntax; check the manual that corresponds to your MySQL server version for the right syntax to use near 'BOOLEAAN MODE)    LIMIT 20' at line 1</span> in [CORE\cake\libs\model\datasources\dbo_source.php, line 514]
2010-02-13 03:31:55 Warning: Warning (2): Invalid argument supplied for foreach() in [APP\views\posts\admin_index.ctp, line 39]
2010-02-13 03:33:37 Warning: Warning (512): <span style = "color:Red;text-align:left"><b>SQL Error:</b> 1064: You have an error in your SQL syntax; check the manual that corresponds to your MySQL server version for the right syntax to use near 'BOOLEAAN MODE)' at line 1</span> in [CORE\cake\libs\model\datasources\dbo_source.php, line 514]
2010-02-13 03:33:37 Warning: Warning (512): <span style = "color:Red;text-align:left"><b>SQL Error:</b> 1064: You have an error in your SQL syntax; check the manual that corresponds to your MySQL server version for the right syntax to use near 'BOOLEAAN MODE)    LIMIT 20' at line 1</span> in [CORE\cake\libs\model\datasources\dbo_source.php, line 514]
2010-02-13 03:33:37 Warning: Warning (2): Invalid argument supplied for foreach() in [APP\views\posts\admin_index.ctp, line 39]
2010-02-13 03:34:07 Warning: Warning (512): <span style = "color:Red;text-align:left"><b>SQL Error:</b> 1064: You have an error in your SQL syntax; check the manual that corresponds to your MySQL server version for the right syntax to use near 'BOOLEAAN MODE)' at line 1</span> in [CORE\cake\libs\model\datasources\dbo_source.php, line 514]
2010-02-13 03:34:07 Warning: Warning (512): <span style = "color:Red;text-align:left"><b>SQL Error:</b> 1064: You have an error in your SQL syntax; check the manual that corresponds to your MySQL server version for the right syntax to use near 'BOOLEAAN MODE)    LIMIT 20' at line 1</span> in [CORE\cake\libs\model\datasources\dbo_source.php, line 514]
2010-02-13 03:34:07 Warning: Warning (2): Invalid argument supplied for foreach() in [APP\views\posts\admin_index.ctp, line 39]
2010-02-13 03:38:51 Warning: Warning (512): <span style = "color:Red;text-align:left"><b>SQL Error:</b> 1064: You have an error in your SQL syntax; check the manual that corresponds to your MySQL server version for the right syntax to use near 'BOOLEAAN MODE)' at line 1</span> in [CORE\cake\libs\model\datasources\dbo_source.php, line 514]
2010-02-13 03:38:51 Warning: Warning (512): <span style = "color:Red;text-align:left"><b>SQL Error:</b> 1064: You have an error in your SQL syntax; check the manual that corresponds to your MySQL server version for the right syntax to use near 'BOOLEAAN MODE)    LIMIT 20' at line 1</span> in [CORE\cake\libs\model\datasources\dbo_source.php, line 514]
2010-02-13 03:38:51 Warning: Warning (2): Invalid argument supplied for foreach() in [APP\views\posts\admin_index.ctp, line 39]
2010-02-15 22:30:53 Warning: Warning (2): session_regenerate_id() [<a href='http://php.net/function.session-regenerate-id'>function.session-regenerate-id</a>]: Session object destruction failed in [CORE\cake\libs\session.php, line 599]
2010-02-15 22:30:59 Warning: Warning (2): session_regenerate_id() [<a href='http://php.net/function.session-regenerate-id'>function.session-regenerate-id</a>]: Session object destruction failed in [CORE\cake\libs\session.php, line 599]
2010-02-16 02:05:03 Warning: Warning (512): <span style = "color:Red;text-align:left"><b>SQL Error:</b> 1054: Unknown column 'group' in 'where clause'</span> in [CORE\cake\libs\model\datasources\dbo_source.php, line 514]
2010-02-16 02:05:03 Warning: Warning (2): Invalid argument supplied for foreach() in [APP\views\posts\admin_index.ctp, line 44]
2010-02-16 02:07:42 Warning: Warning (512): <span style = "color:Red;text-align:left"><b>SQL Error:</b> 1054: Unknown column 'group' in 'where clause'</span> in [CORE\cake\libs\model\datasources\dbo_source.php, line 514]
2010-02-16 02:07:42 Warning: Warning (2): Invalid argument supplied for foreach() in [APP\views\posts\admin_index.ctp, line 44]
2010-02-16 02:09:47 Warning: Warning (512): <span style = "color:Red;text-align:left"><b>SQL Error:</b> 1054: Unknown column 'group' in 'where clause'</span> in [CORE\cake\libs\model\datasources\dbo_source.php, line 514]
2010-02-16 02:09:47 Warning: Warning (2): Invalid argument supplied for foreach() in [APP\views\posts\admin_index.ctp, line 44]
2010-02-16 02:09:50 Warning: Warning (2): session_regenerate_id() [<a href='http://php.net/function.session-regenerate-id'>function.session-regenerate-id</a>]: Session object destruction failed in [CORE\cake\libs\session.php, line 599]
2010-02-16 02:09:57 Warning: Warning (512): <span style = "color:Red;text-align:left"><b>SQL Error:</b> 1054: Unknown column 'group' in 'where clause'</span> in [CORE\cake\libs\model\datasources\dbo_source.php, line 514]
2010-02-16 02:09:57 Warning: Warning (2): Invalid argument supplied for foreach() in [APP\views\posts\admin_index.ctp, line 44]
2010-02-16 02:16:23 Warning: Warning (512): <span style = "color:Red;text-align:left"><b>SQL Error:</b> 1054: Unknown column 'group' in 'where clause'</span> in [CORE\cake\libs\model\datasources\dbo_source.php, line 514]
2010-02-16 02:16:23 Warning: Warning (2): Invalid argument supplied for foreach() in [APP\views\posts\admin_index.ctp, line 44]
2010-02-16 02:16:37 Warning: Warning (512): <span style = "color:Red;text-align:left"><b>SQL Error:</b> 1054: Unknown column 'group' in 'where clause'</span> in [CORE\cake\libs\model\datasources\dbo_source.php, line 514]
2010-02-16 02:16:37 Warning: Warning (2): Invalid argument supplied for foreach() in [APP\views\posts\admin_index.ctp, line 44]
2010-02-16 02:37:39 Warning: Warning (512): <span style = "color:Red;text-align:left"><b>SQL Error:</b> 1054: Unknown column 'group' in 'where clause'</span> in [CORE\cake\libs\model\datasources\dbo_source.php, line 514]
2010-02-16 02:37:39 Warning: Warning (2): Invalid argument supplied for foreach() in [APP\views\posts\admin_index.ctp, line 44]
2010-02-16 22:43:39 Warning: Warning (512): <span style = "color:Red;text-align:left"><b>SQL Error:</b> 1064: You have an error in your SQL syntax; check the manual that corresponds to your MySQL server version for the right syntax to use near 'BOOLEAAN MODE)' at line 1</span> in [CORE\cake\libs\model\datasources\dbo_source.php, line 514]
2010-02-16 22:43:39 Warning: Warning (512): <span style = "color:Red;text-align:left"><b>SQL Error:</b> 1064: You have an error in your SQL syntax; check the manual that corresponds to your MySQL server version for the right syntax to use near 'BOOLEAAN MODE)    LIMIT 20' at line 1</span> in [CORE\cake\libs\model\datasources\dbo_source.php, line 514]
2010-02-16 22:43:39 Warning: Warning (2): Invalid argument supplied for foreach() in [APP\views\posts\admin_index.ctp, line 44]
2010-02-16 22:46:10 Warning: Warning (512): <span style = "color:Red;text-align:left"><b>SQL Error:</b> 1054: Unknown column 'group' in 'where clause'</span> in [CORE\cake\libs\model\datasources\dbo_source.php, line 514]
2010-02-16 22:46:10 Warning: Warning (2): Invalid argument supplied for foreach() in [APP\views\posts\admin_index.ctp, line 44]
2010-02-17 01:11:39 Warning: Warning (2): session_regenerate_id() [<a href='http://php.net/function.session-regenerate-id'>function.session-regenerate-id</a>]: Session object destruction failed in [CORE\cake\libs\session.php, line 599]
2010-02-17 01:28:02 Warning: Warning (2): unlink(C:\wamp\www\costumCMS\tmp\cache\\persistent\cake_core_core_paths) [<a href='http://php.net/function.unlink'>function.unlink</a>]: Permission denied in [CORE\cake\libs\file.php, line 292]
2010-02-17 01:28:03 Warning: Warning (2): unlink(C:\wamp\www\costumCMS\tmp\cache\\models\cake_model_default_costumcms_list) [<a href='http://php.net/function.unlink'>function.unlink</a>]: Permission denied in [CORE\cake\libs\file.php, line 292]
2010-02-17 01:28:03 Warning: Warning (2): fopen(C:\wamp\www\costumCMS\tmp\cache\\models\cake_model_default_statuses) [<a href='http://php.net/function.fopen'>function.fopen</a>]: failed to open stream: Invalid argument in [CORE\cake\libs\file.php, line 156]
2010-02-17 01:28:03 Warning: Warning (2): unlink(C:\wamp\www\costumCMS\tmp\cache\\models\cake_model_default_tags) [<a href='http://php.net/function.unlink'>function.unlink</a>]: Permission denied in [CORE\cake\libs\file.php, line 292]
2010-02-17 01:28:22 Warning: Warning (2): unlink(C:\wamp\www\costumCMS\tmp\cache\\models\cake_model_default_tags) [<a href='http://php.net/function.unlink'>function.unlink</a>]: Permission denied in [CORE\cake\libs\file.php, line 292]
2010-02-17 01:28:22 Warning: Warning (2): unlink(C:\wamp\www\costumCMS\tmp\cache\\models\cake_model_default_posts_tags) [<a href='http://php.net/function.unlink'>function.unlink</a>]: Permission denied in [CORE\cake\libs\file.php, line 292]
2010-02-17 01:29:26 Warning: Warning (512): <span style = "color:Red;text-align:left"><b>SQL Error:</b> 1064: You have an error in your SQL syntax; check the manual that corresponds to your MySQL server version for the right syntax to use near '`. = 'Post'  GROUP BY `Post`.`id`' at line 1</span> in [CORE\cake\libs\model\datasources\dbo_source.php, line 514]
2010-02-17 01:29:26 Warning: Warning (512): <span style = "color:Red;text-align:left"><b>SQL Error:</b> 1064: You have an error in your SQL syntax; check the manual that corresponds to your MySQL server version for the right syntax to use near '`. = 'Post'  GROUP BY `Post`.`id`   LIMIT 1' at line 1</span> in [CORE\cake\libs\model\datasources\dbo_source.php, line 514]
2010-02-17 01:29:26 Warning: Warning (2): Invalid argument supplied for foreach() in [APP\views\posts\admin_index.ctp, line 44]
2010-02-17 01:29:58 Warning: Warning (512): <span style = "color:Red;text-align:left"><b>SQL Error:</b> 1064: You have an error in your SQL syntax; check the manual that corresponds to your MySQL server version for the right syntax to use near '`. = 'Post'  GROUP BY `Post`.`id`' at line 1</span> in [CORE\cake\libs\model\datasources\dbo_source.php, line 514]
2010-02-17 01:29:58 Warning: Warning (512): <span style = "color:Red;text-align:left"><b>SQL Error:</b> 1064: You have an error in your SQL syntax; check the manual that corresponds to your MySQL server version for the right syntax to use near '`. = 'Post'  GROUP BY `Post`.`id`   LIMIT 1' at line 1</span> in [CORE\cake\libs\model\datasources\dbo_source.php, line 514]
2010-02-17 01:29:59 Warning: Warning (2): Invalid argument supplied for foreach() in [APP\views\posts\admin_index.ctp, line 44]
2010-02-17 01:30:09 Warning: Warning (2): unlink(C:\wamp\www\costumCMS\tmp\cache\\persistent\cake_core_core_paths) [<a href='http://php.net/function.unlink'>function.unlink</a>]: Permission denied in [CORE\cake\libs\file.php, line 292]
2010-02-17 01:30:09 Warning: Warning (2): unlink(C:\wamp\www\costumCMS\tmp\cache\\models\cake_model_default_costumcms_list) [<a href='http://php.net/function.unlink'>function.unlink</a>]: Permission denied in [CORE\cake\libs\file.php, line 292]
2010-02-17 01:30:10 Warning: Warning (2): fopen(C:\wamp\www\costumCMS\tmp\cache\\models\cake_model_default_tags) [<a href='http://php.net/function.fopen'>function.fopen</a>]: failed to open stream: Invalid argument in [CORE\cake\libs\file.php, line 156]
2010-02-17 01:30:10 Warning: Warning (512): <span style = "color:Red;text-align:left"><b>SQL Error:</b> 1064: You have an error in your SQL syntax; check the manual that corresponds to your MySQL server version for the right syntax to use near '`. = 'Post'' at line 1</span> in [CORE\cake\libs\model\datasources\dbo_source.php, line 514]
2010-02-17 01:30:10 Warning: Warning (512): <span style = "color:Red;text-align:left"><b>SQL Error:</b> 1064: You have an error in your SQL syntax; check the manual that corresponds to your MySQL server version for the right syntax to use near '`. = 'Post'    LIMIT 1' at line 1</span> in [CORE\cake\libs\model\datasources\dbo_source.php, line 514]
2010-02-17 01:30:10 Warning: Warning (2): Invalid argument supplied for foreach() in [APP\views\posts\admin_index.ctp, line 44]
2010-02-17 01:31:56 Warning: Warning (512): <span style = "color:Red;text-align:left"><b>SQL Error:</b> 1064: You have an error in your SQL syntax; check the manual that corresponds to your MySQL server version for the right syntax to use near '`. = 'Post'' at line 1</span> in [CORE\cake\libs\model\datasources\dbo_source.php, line 514]
2010-02-17 01:31:56 Warning: Warning (512): <span style = "color:Red;text-align:left"><b>SQL Error:</b> 1064: You have an error in your SQL syntax; check the manual that corresponds to your MySQL server version for the right syntax to use near '`. = 'Post'    LIMIT 1' at line 1</span> in [CORE\cake\libs\model\datasources\dbo_source.php, line 514]
2010-02-17 01:31:56 Warning: Warning (2): Invalid argument supplied for foreach() in [APP\views\posts\admin_index.ctp, line 44]
2010-02-17 01:32:21 Warning: Warning (2): unlink(C:\wamp\www\costumCMS\tmp\cache\\persistent\cake_core_file_map) [<a href='http://php.net/function.unlink'>function.unlink</a>]: Permission denied in [CORE\cake\libs\file.php, line 292]
2010-02-17 01:32:22 Warning: Warning (2): fopen(C:\wamp\www\costumCMS\tmp\cache\\models\cake_model_default_statuses) [<a href='http://php.net/function.fopen'>function.fopen</a>]: failed to open stream: Invalid argument in [CORE\cake\libs\file.php, line 156]
2010-02-17 01:32:22 Warning: Warning (2): unlink(C:\wamp\www\costumCMS\tmp\cache\\models\cake_model_default_posts_tags) [<a href='http://php.net/function.unlink'>function.unlink</a>]: Permission denied in [CORE\cake\libs\file.php, line 292]
2010-02-17 01:32:22 Warning: Warning (512): <span style = "color:Red;text-align:left"><b>SQL Error:</b> 1064: You have an error in your SQL syntax; check the manual that corresponds to your MySQL server version for the right syntax to use near '`. = 'Post'' at line 1</span> in [CORE\cake\libs\model\datasources\dbo_source.php, line 514]
2010-02-17 01:32:22 Warning: Warning (512): <span style = "color:Red;text-align:left"><b>SQL Error:</b> 1064: You have an error in your SQL syntax; check the manual that corresponds to your MySQL server version for the right syntax to use near '`. = 'Post'    LIMIT 1' at line 1</span> in [CORE\cake\libs\model\datasources\dbo_source.php, line 514]
2010-02-17 01:32:22 Warning: Warning (2): Invalid argument supplied for foreach() in [APP\views\posts\admin_index.ctp, line 44]
2010-02-17 01:32:26 Warning: Warning (512): <span style = "color:Red;text-align:left"><b>SQL Error:</b> 1064: You have an error in your SQL syntax; check the manual that corresponds to your MySQL server version for the right syntax to use near '`. = 'Post'' at line 1</span> in [CORE\cake\libs\model\datasources\dbo_source.php, line 514]
2010-02-17 01:32:26 Warning: Warning (512): <span style = "color:Red;text-align:left"><b>SQL Error:</b> 1064: You have an error in your SQL syntax; check the manual that corresponds to your MySQL server version for the right syntax to use near '`. = 'Post'    LIMIT 1' at line 1</span> in [CORE\cake\libs\model\datasources\dbo_source.php, line 514]
2010-02-17 01:32:26 Warning: Warning (2): Invalid argument supplied for foreach() in [APP\views\posts\admin_index.ctp, line 44]
2010-02-17 01:33:25 Warning: Warning (2): unlink(C:\wamp\www\costumCMS\tmp\cache\\models\cake_model_default_posts_tags) [<a href='http://php.net/function.unlink'>function.unlink</a>]: Permission denied in [CORE\cake\libs\file.php, line 292]
2010-02-17 01:33:55 Warning: Warning (2): unlink(C:\wamp\www\costumCMS\tmp\cache\\persistent\cake_core_core_paths) [<a href='http://php.net/function.unlink'>function.unlink</a>]: Permission denied in [CORE\cake\libs\file.php, line 292]
2010-02-17 02:23:51 Warning: Warning (2): unlink(C:\wamp\www\costumCMS\tmp\cache\\persistent\cake_core_file_map) [<a href='http://php.net/function.unlink'>function.unlink</a>]: Permission denied in [CORE\cake\libs\file.php, line 292]
2010-02-17 02:24:29 Warning: Warning (512): AttachableBehavior Error - Please create '' directory and set permissions for uploading. in [APP\models\behaviors\attachable.php, line 118]
2010-02-17 02:25:44 Warning: Warning (512): AttachableBehavior Error - Please create '' directory and set permissions for uploading. in [APP\models\behaviors\attachable.php, line 118]
2010-02-17 02:25:50 Warning: Warning (2): session_regenerate_id() [<a href='http://php.net/function.session-regenerate-id'>function.session-regenerate-id</a>]: Session object destruction failed in [CORE\cake\libs\session.php, line 599]
2010-02-17 02:25:50 Warning: Warning (512): AttachableBehavior Error - Please create '' directory and set permissions for uploading. in [APP\models\behaviors\attachable.php, line 118]
2010-02-17 02:26:00 Warning: Warning (512): AttachableBehavior Error - Please create '' directory and set permissions for uploading. in [APP\models\behaviors\attachable.php, line 118]
2010-02-17 02:27:45 Warning: Warning (512): AttachableBehavior Error - Please create '' directory and set permissions for uploading. in [APP\models\behaviors\attachable.php, line 118]
2010-02-17 02:36:46 Warning: Warning (2): in_array() [<a href='http://php.net/function.in-array'>function.in-array</a>]: Wrong datatype for second argument in [APP\models\behaviors\attachable.php, line 63]
2010-02-17 02:36:46 Warning: Warning (2): Cannot modify header information - headers already sent by (output started at C:\wamp\cake\cake\basics.php:117) in [CORE\cake\libs\controller\controller.php, line 615]
2010-02-17 02:38:22 Warning: Warning (2): unlink(C:\wamp\www\costumCMS\tmp\cache\\models\cake_model_default_tags) [<a href='http://php.net/function.unlink'>function.unlink</a>]: Permission denied in [CORE\cake\libs\file.php, line 292]
2010-02-17 02:42:07 Warning: Warning (2): unlink(C:\wamp\www\costumCMS\tmp\cache\\models\cake_model_default_statuses) [<a href='http://php.net/function.unlink'>function.unlink</a>]: Permission denied in [CORE\cake\libs\file.php, line 292]
2010-02-17 02:48:08 Warning: Warning (2): unlink(C:\wamp\www\costumCMS\tmp\cache\\models\cake_model_default_costumcms_list) [<a href='http://php.net/function.unlink'>function.unlink</a>]: Permission denied in [CORE\cake\libs\file.php, line 292]
2010-02-17 02:48:09 Warning: Warning (2): unlink(C:\wamp\www\costumCMS\tmp\cache\\models\cake_model_default_statuses) [<a href='http://php.net/function.unlink'>function.unlink</a>]: Permission denied in [CORE\cake\libs\file.php, line 292]
2010-02-17 02:48:09 Warning: Warning (2): session_regenerate_id() [<a href='http://php.net/function.session-regenerate-id'>function.session-regenerate-id</a>]: Session object destruction failed in [CORE\cake\libs\session.php, line 599]
2010-02-17 02:48:09 Warning: Warning (2): Cannot modify header information - headers already sent by (output started at C:\wamp\cake\cake\libs\debugger.php:500) in [CORE\cake\libs\controller\controller.php, line 615]
2010-02-17 02:49:27 Warning: Warning (2): unlink(C:\wamp\www\costumCMS\webroot\files\) [<a href='http://php.net/function.unlink'>function.unlink</a>]: Permission denied in [APP\models\behaviors\attachable.php, line 167]
2010-02-17 02:49:27 Warning: Warning (2): unlink(C:\wamp\www\costumCMS\webroot\files\small\) [<a href='http://php.net/function.unlink'>function.unlink</a>]: Permission denied in [APP\models\behaviors\attachable.php, line 167]
2010-02-17 02:49:27 Warning: Warning (2): unlink(C:\wamp\www\costumCMS\webroot\files\medium\) [<a href='http://php.net/function.unlink'>function.unlink</a>]: Permission denied in [APP\models\behaviors\attachable.php, line 167]
2010-02-17 02:49:27 Warning: Warning (2): unlink(C:\wamp\www\costumCMS\webroot\files\large\) [<a href='http://php.net/function.unlink'>function.unlink</a>]: Permission denied in [APP\models\behaviors\attachable.php, line 167]
2010-02-17 02:49:27 Warning: Warning (2): Cannot modify header information - headers already sent by (output started at C:\wamp\cake\cake\basics.php:117) in [CORE\cake\libs\controller\controller.php, line 615]
2010-02-17 13:25:18 Warning: Warning (2): Missing argument 3 for AppHelper::toggleStatus(), called in C:\wamp\www\costumCMS\views\elements\admin\toggle_statuses.ctp on line 12 and defined in [APP\app_helper.php, line 5]
2010-02-17 13:49:14 Warning: Warning (512): Method TextHelper::turncate does not exist in [CORE\cake\libs\view\helper.php, line 143]
2010-02-17 13:50:07 Warning: Warning (2): unlink(C:\wamp\www\costumCMS\tmp\cache\\persistent\cake_core_default_en_us) [<a href='http://php.net/function.unlink'>function.unlink</a>]: Permission denied in [CORE\cake\libs\file.php, line 292]
2010-02-17 13:57:22 Warning: Warning (2): unlink(C:\wamp\www\costumCMS\tmp\cache\\models\cake_model_default_tags) [<a href='http://php.net/function.unlink'>function.unlink</a>]: Permission denied in [CORE\cake\libs\file.php, line 292]
2010-02-17 13:57:22 Warning: Warning (2): unlink(C:\wamp\www\costumCMS\tmp\cache\\models\cake_model_default_posts_tags) [<a href='http://php.net/function.unlink'>function.unlink</a>]: Permission denied in [CORE\cake\libs\file.php, line 292]
2010-02-17 14:08:55 Warning: Warning (2): unlink(C:\wamp\www\costumCMS\tmp\cache\\persistent\cake_core_core_paths) [<a href='http://php.net/function.unlink'>function.unlink</a>]: Permission denied in [CORE\cake\libs\file.php, line 292]
2010-02-17 14:08:56 Warning: Warning (512): Method HtmlHelper::user does not exist in [CORE\cake\libs\view\helper.php, line 143]
2010-02-17 14:09:10 Warning: Warning (512): Method HtmlHelper::user does not exist in [CORE\cake\libs\view\helper.php, line 143]
2010-02-17 14:29:54 Warning: Warning (2): unlink(C:\wamp\www\costumCMS\tmp\cache\\persistent\cake_core_core_paths) [<a href='http://php.net/function.unlink'>function.unlink</a>]: Permission denied in [CORE\cake\libs\file.php, line 292]
2010-02-17 15:42:16 Warning: Warning (2): unlink(C:\wamp\www\costumCMS\tmp\cache\\persistent\cake_core_core_paths) [<a href='http://php.net/function.unlink'>function.unlink</a>]: Permission denied in [CORE\cake\libs\file.php, line 292]
2010-02-18 19:23:17 Warning: Warning (2): unlink(C:\wamp\www\costumCMS\tmp\cache\\persistent\cake_core_file_map) [<a href='http://php.net/function.unlink'>function.unlink</a>]: Permission denied in [CORE\cake\libs\file.php, line 292]
2010-02-18 19:23:58 Warning: Warning (2): unlink(C:\wamp\www\costumCMS\tmp\cache\\models\cake_model_default_users) [<a href='http://php.net/function.unlink'>function.unlink</a>]: Permission denied in [CORE\cake\libs\file.php, line 292]
2010-02-18 19:33:03 Warning: Warning (2): session_regenerate_id() [<a href='http://php.net/function.session-regenerate-id'>function.session-regenerate-id</a>]: Session object destruction failed in [CORE\cake\libs\session.php, line 599]
2010-02-18 19:34:39 Warning: Warning (2): session_regenerate_id() [<a href='http://php.net/function.session-regenerate-id'>function.session-regenerate-id</a>]: Session object destruction failed in [CORE\cake\libs\session.php, line 599]
2010-02-18 19:55:44 Warning: Warning (2): unlink(C:\wamp\www\costumCMS\tmp\cache\\models\cake_model_default_posts) [<a href='http://php.net/function.unlink'>function.unlink</a>]: Permission denied in [CORE\cake\libs\file.php, line 292]
2010-02-18 20:03:00 Warning: Warning (2): unlink(C:\wamp\www\costumCMS\tmp\cache\\models\cake_model_default_statuses) [<a href='http://php.net/function.unlink'>function.unlink</a>]: Permission denied in [CORE\cake\libs\file.php, line 292]
2010-02-18 20:03:19 Warning: Warning (2): unlink(C:\wamp\www\costumCMS\tmp\cache\\persistent\cake_core_dir_map) [<a href='http://php.net/function.unlink'>function.unlink</a>]: Permission denied in [CORE\cake\libs\file.php, line 292]
2010-02-18 20:09:26 Warning: Warning (2): unlink(C:\wamp\www\costumCMS\tmp\cache\\models\cake_model_default_tags) [<a href='http://php.net/function.unlink'>function.unlink</a>]: Permission denied in [CORE\cake\libs\file.php, line 292]
2010-02-18 20:15:40 Warning: Warning (2): session_regenerate_id() [<a href='http://php.net/function.session-regenerate-id'>function.session-regenerate-id</a>]: Session object destruction failed in [CORE\cake\libs\session.php, line 599]
2010-02-18 20:58:31 Warning: Warning (2): unlink(C:\wamp\www\costumCMS\tmp\cache\\persistent\cake_core_file_map) [<a href='http://php.net/function.unlink'>function.unlink</a>]: Permission denied in [CORE\cake\libs\file.php, line 292]
2010-02-18 20:58:43 Warning: Warning (2): fopen(C:\wamp\www\costumCMS\tmp\cache\\models\cake_model_default_posts) [<a href='http://php.net/function.fopen'>function.fopen</a>]: failed to open stream: Invalid argument in [CORE\cake\libs\file.php, line 156]
2010-02-20 14:39:30 Warning: Warning (2): Invalid argument supplied for foreach() in [APP\views\elements\admin\toggle_statuses.ctp, line 9]
2010-02-20 14:39:30 Warning: Warning (2): Invalid argument supplied for foreach() in [APP\views\pages\admin_index.ctp, line 8]
2010-02-20 14:44:17 Warning: Warning (2): Invalid argument supplied for foreach() in [APP\views\elements\admin\toggle_statuses.ctp, line 9]
2010-02-20 14:44:17 Warning: Warning (2): Invalid argument supplied for foreach() in [APP\views\pages\admin_index.ctp, line 8]
2010-02-20 14:45:06 Warning: Warning (2): Invalid argument supplied for foreach() in [APP\views\elements\admin\toggle_statuses.ctp, line 9]
2010-02-20 14:45:06 Warning: Warning (2): Invalid argument supplied for foreach() in [APP\views\pages\admin_index.ctp, line 8]
2010-02-20 14:47:57 Warning: Warning (2): Invalid argument supplied for foreach() in [APP\views\elements\admin\toggle_statuses.ctp, line 9]
2010-02-20 14:47:57 Warning: Warning (2): Invalid argument supplied for foreach() in [APP\views\pages\admin_index.ctp, line 8]
2010-02-20 14:48:32 Warning: Warning (2): Invalid argument supplied for foreach() in [APP\views\elements\admin\toggle_statuses.ctp, line 9]
2010-02-20 14:48:32 Warning: Warning (2): Invalid argument supplied for foreach() in [APP\views\pages\admin_index.ctp, line 8]
2010-02-20 14:49:30 Warning: Warning (2): Invalid argument supplied for foreach() in [APP\views\elements\admin\toggle_statuses.ctp, line 9]
2010-02-20 14:49:30 Warning: Warning (2): Invalid argument supplied for foreach() in [APP\views\pages\admin_index.ctp, line 8]
2010-02-20 14:50:31 Warning: Warning (2): Invalid argument supplied for foreach() in [APP\views\elements\admin\toggle_statuses.ctp, line 9]
2010-02-20 14:50:31 Warning: Warning (2): Invalid argument supplied for foreach() in [APP\views\pages\admin_index.ctp, line 8]
2010-02-20 14:50:37 Warning: Warning (2): Invalid argument supplied for foreach() in [APP\views\elements\admin\toggle_statuses.ctp, line 9]
2010-02-20 14:50:37 Warning: Warning (2): Invalid argument supplied for foreach() in [APP\views\pages\admin_index.ctp, line 8]
2010-02-20 14:51:42 Warning: Warning (2): Invalid argument supplied for foreach() in [APP\views\elements\admin\toggle_statuses.ctp, line 9]
2010-02-20 14:51:42 Warning: Warning (2): Invalid argument supplied for foreach() in [APP\views\pages\admin_index.ctp, line 8]
2010-02-20 14:53:14 Warning: Warning (2): Invalid argument supplied for foreach() in [APP\views\elements\admin\toggle_statuses.ctp, line 9]
2010-02-20 14:53:14 Warning: Warning (2): Invalid argument supplied for foreach() in [APP\views\pages\admin_index.ctp, line 8]
2010-02-20 14:53:31 Warning: Warning (512): <span style = "color:Red;text-align:left"><b>SQL Error:</b> 1054: Unknown column 'Post.title' in 'where clause'</span> in [CORE\cake\libs\model\datasources\dbo_source.php, line 514]
2010-02-20 14:53:31 Warning: Warning (2): Invalid argument supplied for foreach() in [APP\views\elements\admin\toggle_statuses.ctp, line 9]
2010-02-20 14:53:31 Warning: Warning (2): Invalid argument supplied for foreach() in [APP\views\pages\admin_index.ctp, line 8]
2010-02-20 14:53:31 Warning: Warning (512): <span style = "color:Red;text-align:left"><b>SQL Error:</b> 1054: Unknown column 'Post.title' in 'where clause'</span> in [CORE\cake\libs\model\datasources\dbo_source.php, line 514]
2010-02-20 14:53:31 Warning: Warning (2): Invalid argument supplied for foreach() in [APP\views\elements\admin\toggle_statuses.ctp, line 9]
2010-02-20 14:53:31 Warning: Warning (2): Invalid argument supplied for foreach() in [APP\views\pages\admin_index.ctp, line 8]
2010-02-20 14:53:32 Warning: Warning (2): Invalid argument supplied for foreach() in [APP\views\elements\admin\toggle_statuses.ctp, line 9]
2010-02-20 14:53:32 Warning: Warning (2): Invalid argument supplied for foreach() in [APP\views\pages\admin_index.ctp, line 8]
2010-02-20 14:54:05 Warning: Warning (512): <span style = "color:Red;text-align:left"><b>SQL Error:</b> 1054: Unknown column 'Post.title' in 'where clause'</span> in [CORE\cake\libs\model\datasources\dbo_source.php, line 514]
2010-02-20 14:54:05 Warning: Warning (2): Invalid argument supplied for foreach() in [APP\views\elements\admin\toggle_statuses.ctp, line 9]
2010-02-20 14:54:05 Warning: Warning (2): Invalid argument supplied for foreach() in [APP\views\pages\admin_index.ctp, line 8]
2010-02-20 14:54:06 Warning: Warning (2): Invalid argument supplied for foreach() in [APP\views\elements\admin\toggle_statuses.ctp, line 9]
2010-02-20 14:54:06 Warning: Warning (2): Invalid argument supplied for foreach() in [APP\views\pages\admin_index.ctp, line 8]
2010-02-20 14:55:52 Warning: Warning (512): <span style = "color:Red;text-align:left"><b>SQL Error:</b> 1054: Unknown column 'Pages.title' in 'where clause'</span> in [CORE\cake\libs\model\datasources\dbo_source.php, line 514]
2010-02-20 14:55:52 Warning: Warning (2): Invalid argument supplied for foreach() in [APP\views\comments\admin_index.ctp, line 8]
2010-02-20 14:55:52 Warning: Warning (512): <span style = "color:Red;text-align:left"><b>SQL Error:</b> 1054: Unknown column 'Pages.title' in 'where clause'</span> in [CORE\cake\libs\model\datasources\dbo_source.php, line 514]
2010-02-20 14:55:52 Warning: Warning (2): Invalid argument supplied for foreach() in [APP\views\comments\admin_index.ctp, line 8]
2010-02-20 14:56:19 Warning: Warning (512): <span style = "color:Red;text-align:left"><b>SQL Error:</b> 1054: Unknown column 'Post.title' in 'where clause'</span> in [CORE\cake\libs\model\datasources\dbo_source.php, line 514]
2010-02-20 14:56:19 Warning: Warning (2): Invalid argument supplied for foreach() in [APP\views\media\admin_index.ctp, line 8]
2010-02-20 14:56:19 Warning: Warning (512): <span style = "color:Red;text-align:left"><b>SQL Error:</b> 1054: Unknown column 'Post.title' in 'where clause'</span> in [CORE\cake\libs\model\datasources\dbo_source.php, line 514]
2010-02-20 14:56:19 Warning: Warning (2): Invalid argument supplied for foreach() in [APP\views\media\admin_index.ctp, line 8]
2010-02-20 15:02:23 Warning: Warning (2): Invalid argument supplied for foreach() in [APP\views\elements\admin\toggle_statuses.ctp, line 9]
2010-02-20 15:02:23 Warning: Warning (2): Invalid argument supplied for foreach() in [APP\views\pages\admin_index.ctp, line 8]
2010-02-23 18:09:48 Warning: Warning (2): Invalid argument supplied for foreach() in [APP\views\elements\admin\toggle_statuses.ctp, line 9]
2010-02-23 18:09:48 Warning: Warning (2): Invalid argument supplied for foreach() in [APP\views\pages\admin_index.ctp, line 8]
2010-02-23 18:10:32 Warning: Warning (2): Invalid argument supplied for foreach() in [APP\views\elements\admin\toggle_statuses.ctp, line 9]
2010-02-23 18:10:32 Warning: Warning (2): Invalid argument supplied for foreach() in [APP\views\pages\admin_index.ctp, line 8]
2010-02-23 19:33:02 Warning: Warning (2): Invalid argument supplied for foreach() in [APP\views\elements\admin\toggle_statuses.ctp, line 9]
2010-02-23 19:33:02 Warning: Warning (2): Invalid argument supplied for foreach() in [APP\views\pages\admin_index.ctp, line 8]
2010-02-23 19:33:38 Warning: Warning (2): Invalid argument supplied for foreach() in [APP\views\pages\admin_view.ctp, line 13]
2010-02-23 19:37:04 Warning: Warning (2): Invalid argument supplied for foreach() in [APP\views\pages\admin_view.ctp, line 13]
2010-02-23 19:37:50 Warning: Warning (2): Invalid argument supplied for foreach() in [APP\views\pages\admin_view.ctp, line 13]
2010-02-23 19:46:52 Warning: Warning (2): Invalid argument supplied for foreach() in [APP\views\elements\admin\toggle_statuses.ctp, line 9]
2010-02-23 19:46:52 Warning: Warning (2): Invalid argument supplied for foreach() in [APP\views\pages\admin_index.ctp, line 8]
2010-02-23 19:47:53 Warning: Warning (2): Invalid argument supplied for foreach() in [APP\views\elements\admin\toggle_statuses.ctp, line 9]
2010-02-23 19:47:53 Warning: Warning (2): Invalid argument supplied for foreach() in [APP\views\pages\admin_index.ctp, line 8]
2010-02-23 19:48:33 Warning: Warning (2): Invalid argument supplied for foreach() in [APP\views\elements\admin\toggle_statuses.ctp, line 9]
2010-02-23 19:48:33 Warning: Warning (2): Invalid argument supplied for foreach() in [APP\views\pages\admin_index.ctp, line 8]
2010-02-23 19:49:26 Warning: Warning (2): Invalid argument supplied for foreach() in [APP\views\elements\admin\toggle_statuses.ctp, line 9]
2010-02-23 19:49:26 Warning: Warning (2): Invalid argument supplied for foreach() in [APP\views\pages\admin_index.ctp, line 8]
2010-02-23 19:49:29 Warning: Warning (2): Invalid argument supplied for foreach() in [APP\views\elements\admin\toggle_statuses.ctp, line 9]
2010-02-23 19:49:29 Warning: Warning (2): Invalid argument supplied for foreach() in [APP\views\pages\admin_index.ctp, line 8]
2010-02-23 19:51:20 Warning: Warning (2): Invalid argument supplied for foreach() in [APP\views\elements\admin\toggle_statuses.ctp, line 9]
2010-02-23 19:51:20 Warning: Warning (2): Invalid argument supplied for foreach() in [APP\views\pages\admin_index.ctp, line 8]
2010-02-23 19:51:22 Warning: Warning (2): Invalid argument supplied for foreach() in [APP\views\elements\admin\toggle_statuses.ctp, line 9]
2010-02-23 19:51:22 Warning: Warning (2): Invalid argument supplied for foreach() in [APP\views\pages\admin_index.ctp, line 8]
2010-02-23 19:53:27 Warning: Warning (2): Invalid argument supplied for foreach() in [APP\views\elements\admin\toggle_statuses.ctp, line 9]
2010-02-23 19:53:27 Warning: Warning (2): Invalid argument supplied for foreach() in [APP\views\pages\admin_index.ctp, line 8]
2010-02-23 19:53:46 Warning: Warning (2): Invalid argument supplied for foreach() in [APP\views\elements\admin\toggle_statuses.ctp, line 9]
2010-02-23 19:53:46 Warning: Warning (2): Invalid argument supplied for foreach() in [APP\views\pages\admin_index.ctp, line 8]
2010-02-23 19:53:49 Warning: Warning (2): Invalid argument supplied for foreach() in [APP\views\elements\admin\toggle_statuses.ctp, line 9]
2010-02-23 19:53:49 Warning: Warning (2): Invalid argument supplied for foreach() in [APP\views\pages\admin_index.ctp, line 8]
2010-02-23 19:55:41 Warning: Warning (2): Invalid argument supplied for foreach() in [APP\views\elements\admin\toggle_statuses.ctp, line 9]
2010-02-23 19:55:41 Warning: Warning (2): Invalid argument supplied for foreach() in [APP\views\pages\admin_index.ctp, line 8]
2010-02-24 03:49:40 Warning: Warning (2): mysql_connect() [<a href='http://php.net/function.mysql-connect'>function.mysql-connect</a>]: Can't connect to MySQL server on 'localhost' (10061) in [CORE\cake\libs\model\datasources\dbo\dbo_mysql.php, line 370]
2010-02-24 03:49:40 Warning: Warning (2): mysql_select_db(): supplied argument is not a valid MySQL-Link resource in [CORE\cake\libs\model\datasources\dbo\dbo_mysql.php, line 375]
2010-02-24 03:49:40 Warning: Warning (2): mysql_get_server_info(): supplied argument is not a valid MySQL-Link resource in [CORE\cake\libs\model\datasources\dbo\dbo_mysql.php, line 383]
2010-02-24 03:49:40 Warning: Warning (2): mysql_query(): supplied argument is not a valid MySQL-Link resource in [CORE\cake\libs\model\datasources\dbo\dbo_mysql.php, line 407]
2010-02-24 03:51:29 Warning: Warning (2): Invalid argument supplied for foreach() in [APP\views\elements\admin\toggle_statuses.ctp, line 9]
2010-02-24 03:51:29 Warning: Warning (2): Invalid argument supplied for foreach() in [APP\views\pages\admin_index.ctp, line 8]
2010-02-24 04:30:42 Warning: Warning (2): Invalid argument supplied for foreach() in [APP\views\elements\admin\toggle_statuses.ctp, line 9]
2010-02-24 04:30:42 Warning: Warning (2): Invalid argument supplied for foreach() in [APP\views\pages\admin_index.ctp, line 8]
2010-02-24 04:31:15 Warning: Warning (2): Invalid argument supplied for foreach() in [APP\views\elements\admin\toggle_statuses.ctp, line 9]
2010-02-24 04:31:15 Warning: Warning (2): Invalid argument supplied for foreach() in [APP\views\pages\admin_index.ctp, line 8]
2010-02-24 04:33:07 Warning: Warning (2): Invalid argument supplied for foreach() in [APP\views\pages\admin_view.ctp, line 13]
2010-02-24 04:33:34 Warning: Warning (2): Invalid argument supplied for foreach() in [APP\views\elements\admin\toggle_statuses.ctp, line 9]
2010-02-24 04:33:34 Warning: Warning (2): Invalid argument supplied for foreach() in [APP\views\pages\admin_index.ctp, line 8]
2010-02-24 04:35:10 Warning: Warning (2): Invalid argument supplied for foreach() in [APP\views\elements\admin\toggle_statuses.ctp, line 9]
2010-02-24 04:35:10 Warning: Warning (2): Invalid argument supplied for foreach() in [APP\views\pages\admin_index.ctp, line 8]
2010-02-24 04:35:42 Warning: Warning (2): Invalid argument supplied for foreach() in [APP\views\elements\admin\toggle_statuses.ctp, line 9]
2010-02-24 04:35:42 Warning: Warning (2): Invalid argument supplied for foreach() in [APP\views\pages\admin_index.ctp, line 8]
2010-02-24 04:41:41 Warning: Warning (2): Invalid argument supplied for foreach() in [APP\views\pages\admin_index.ctp, line 8]
